2020-01-01 19:17:25,811 ERROR 6460 [-/127.0.0.1/-/35ms POST /v1/collection] nodejs.TypeError: Cannot read property 'id' of null
    at OperatingGoodsController.collection (D:\desktop\Shoppingmall\server\app\controller\api\operatingGoods.js:16:24)
    at runMicrotasks (<anonymous>)
    at processTicksAndRejections (internal/process/task_queues.js:93:5)
    at async D:\desktop\Shoppingmall\server\app\middleware\isLogin.js:15:13
    at async D:\desktop\Shoppingmall\server\node_modules\_egg-development@2.4.3@egg-development\app\middleware\egg_loader_trace.js:9:50
    at async xframe (D:\desktop\Shoppingmall\server\node_modules\_egg-security@2.7.1@egg-security\lib\middlewares\xframe.js:7:5)
    at async xssProtection (D:\desktop\Shoppingmall\server\node_modules\_egg-security@2.7.1@egg-security\lib\middlewares\xssProtection.js:7:5)
    at async nosniff (D:\desktop\Shoppingmall\server\node_modules\_egg-security@2.7.1@egg-security\lib\middlewares\nosniff.js:8:5)
    at async noopen (D:\desktop\Shoppingmall\server\node_modules\_egg-security@2.7.1@egg-security\lib\middlewares\noopen.js:8:5)
    at async session (D:\desktop\Shoppingmall\server\node_modules\_koa-session@5.12.3@koa-session\index.js:41:7)
    at async bodyParser (D:\desktop\Shoppingmall\server\node_modules\_koa-bodyparser@4.2.1@koa-bodyparser\index.js:86:5)
    at async D:\desktop\Shoppingmall\server\node_modules\_koa-static-cache@5.1.2@koa-static-cache\index.js:51:63
    at async notfound (D:\desktop\Shoppingmall\server\node_modules\_egg@2.26.0@egg\app\middleware\notfound.js:5:5)
    at async meta (D:\desktop\Shoppingmall\server\node_modules\_egg@2.26.0@egg\app\middleware\meta.js:12:5)

pid: 6460
hostname: stu006

2020-01-01 19:18:59,159 ERROR 6460 [-/127.0.0.1/-/2ms POST /v1/collection] nodejs.TypeError: Cannot read property 'id' of null
    at OperatingGoodsController.collection (D:\desktop\Shoppingmall\server\app\controller\api\operatingGoods.js:16:24)
    at runMicrotasks (<anonymous>)
    at processTicksAndRejections (internal/process/task_queues.js:93:5)
    at async D:\desktop\Shoppingmall\server\app\middleware\isLogin.js:15:13
    at async D:\desktop\Shoppingmall\server\node_modules\_egg-development@2.4.3@egg-development\app\middleware\egg_loader_trace.js:9:50
    at async xframe (D:\desktop\Shoppingmall\server\node_modules\_egg-security@2.7.1@egg-security\lib\middlewares\xframe.js:7:5)
    at async xssProtection (D:\desktop\Shoppingmall\server\node_modules\_egg-security@2.7.1@egg-security\lib\middlewares\xssProtection.js:7:5)
    at async nosniff (D:\desktop\Shoppingmall\server\node_modules\_egg-security@2.7.1@egg-security\lib\middlewares\nosniff.js:8:5)
    at async noopen (D:\desktop\Shoppingmall\server\node_modules\_egg-security@2.7.1@egg-security\lib\middlewares\noopen.js:8:5)
    at async session (D:\desktop\Shoppingmall\server\node_modules\_koa-session@5.12.3@koa-session\index.js:41:7)
    at async bodyParser (D:\desktop\Shoppingmall\server\node_modules\_koa-bodyparser@4.2.1@koa-bodyparser\index.js:86:5)
    at async D:\desktop\Shoppingmall\server\node_modules\_koa-static-cache@5.1.2@koa-static-cache\index.js:51:63
    at async notfound (D:\desktop\Shoppingmall\server\node_modules\_egg@2.26.0@egg\app\middleware\notfound.js:5:5)
    at async meta (D:\desktop\Shoppingmall\server\node_modules\_egg@2.26.0@egg\app\middleware\meta.js:12:5)

pid: 6460
hostname: stu006

2020-01-01 19:21:27,957 ERROR 6460 [-/127.0.0.1/-/2ms POST /v1/collection] nodejs.TypeError: Cannot read property 'id' of null
    at OperatingGoodsController.collection (D:\desktop\Shoppingmall\server\app\controller\api\operatingGoods.js:16:24)
    at runMicrotasks (<anonymous>)
    at processTicksAndRejections (internal/process/task_queues.js:93:5)
    at async D:\desktop\Shoppingmall\server\app\middleware\isLogin.js:15:13
    at async D:\desktop\Shoppingmall\server\node_modules\_egg-development@2.4.3@egg-development\app\middleware\egg_loader_trace.js:9:50
    at async xframe (D:\desktop\Shoppingmall\server\node_modules\_egg-security@2.7.1@egg-security\lib\middlewares\xframe.js:7:5)
    at async xssProtection (D:\desktop\Shoppingmall\server\node_modules\_egg-security@2.7.1@egg-security\lib\middlewares\xssProtection.js:7:5)
    at async nosniff (D:\desktop\Shoppingmall\server\node_modules\_egg-security@2.7.1@egg-security\lib\middlewares\nosniff.js:8:5)
    at async noopen (D:\desktop\Shoppingmall\server\node_modules\_egg-security@2.7.1@egg-security\lib\middlewares\noopen.js:8:5)
    at async session (D:\desktop\Shoppingmall\server\node_modules\_koa-session@5.12.3@koa-session\index.js:41:7)
    at async bodyParser (D:\desktop\Shoppingmall\server\node_modules\_koa-bodyparser@4.2.1@koa-bodyparser\index.js:86:5)
    at async D:\desktop\Shoppingmall\server\node_modules\_koa-static-cache@5.1.2@koa-static-cache\index.js:51:63
    at async notfound (D:\desktop\Shoppingmall\server\node_modules\_egg@2.26.0@egg\app\middleware\notfound.js:5:5)
    at async meta (D:\desktop\Shoppingmall\server\node_modules\_egg@2.26.0@egg\app\middleware\meta.js:12:5)

pid: 6460
hostname: stu006

2020-01-02 08:48:32,796 ERROR 4884 [-/127.0.0.1/-/18ms POST /v1/cancelCollection] nodejs.CastError: Cast to string failed for value "{ id: '238bc2e023844769a6b67d9a4c04b2ea' }" at path "cid" for model "Collection"
    at new CastError (D:\desktop\Shoppingmall\server\node_modules\_mongoose@5.8.3@mongoose\lib\error\cast.js:39:11)
    at SchemaString.cast (D:\desktop\Shoppingmall\server\node_modules\_mongoose@5.8.3@mongoose\lib\schema\string.js:583:11)
    at SchemaString.SchemaType.applySetters (D:\desktop\Shoppingmall\server\node_modules\_mongoose@5.8.3@mongoose\lib\schematype.js:975:12)
    at SchemaString.SchemaType._castForQuery (D:\desktop\Shoppingmall\server\node_modules\_mongoose@5.8.3@mongoose\lib\schematype.js:1389:15)
    at SchemaString.castForQuery (D:\desktop\Shoppingmall\server\node_modules\_mongoose@5.8.3@mongoose\lib\schema\string.js:645:15)
    at SchemaString.SchemaType.castForQueryWrapper (D:\desktop\Shoppingmall\server\node_modules\_mongoose@5.8.3@mongoose\lib\schematype.js:1358:15)
    at cast (D:\desktop\Shoppingmall\server\node_modules\_mongoose@5.8.3@mongoose\lib\cast.js:260:34)
    at model.Query.Query.cast (D:\desktop\Shoppingmall\server\node_modules\_mongoose@5.8.3@mongoose\lib\query.js:4698:12)
    at model.Query.Query._castConditions (D:\desktop\Shoppingmall\server\node_modules\_mongoose@5.8.3@mongoose\lib\query.js:1876:10)
    at model.Query.<anonymous> (D:\desktop\Shoppingmall\server\node_modules\_mongoose@5.8.3@mongoose\lib\query.js:2743:8)
    at model.Query._wrappedThunk [as _deleteOne] (D:\desktop\Shoppingmall\server\node_modules\_mongoose@5.8.3@mongoose\lib\helpers\query\wrapThunk.js:16:8)
    at D:\desktop\Shoppingmall\server\node_modules\_kareem@2.3.1@kareem\index.js:369:33
    at processTicksAndRejections (internal/process/task_queues.js:75:11)
stringValue: "\"{ id: '238bc2e023844769a6b67d9a4c04b2ea' }\""
kind: "string"
value: {"id":"238bc2e023844769a6b67d9a4c04b2ea"}
path: "cid"
reason: null
message: "Cast to string failed for value \"{ id: '238bc2e023844769a6b67d9a4c04b2ea' }\" at path \"cid\" for model \"Collection\""
name: "CastError"
model: undefined
pid: 4884
hostname: stu006

2020-01-02 08:50:00,507 ERROR 4884 [-/127.0.0.1/-/3ms POST /v1/isCollection] nodejs.CastError: Cast to string failed for value "{ id: '238bc2e023844769a6b67d9a4c04b2ea' }" at path "cid" for model "Collection"
    at new CastError (D:\desktop\Shoppingmall\server\node_modules\_mongoose@5.8.3@mongoose\lib\error\cast.js:39:11)
    at SchemaString.cast (D:\desktop\Shoppingmall\server\node_modules\_mongoose@5.8.3@mongoose\lib\schema\string.js:583:11)
    at SchemaString.SchemaType.applySetters (D:\desktop\Shoppingmall\server\node_modules\_mongoose@5.8.3@mongoose\lib\schematype.js:975:12)
    at SchemaString.SchemaType._castForQuery (D:\desktop\Shoppingmall\server\node_modules\_mongoose@5.8.3@mongoose\lib\schematype.js:1389:15)
    at SchemaString.castForQuery (D:\desktop\Shoppingmall\server\node_modules\_mongoose@5.8.3@mongoose\lib\schema\string.js:645:15)
    at SchemaString.SchemaType.castForQueryWrapper (D:\desktop\Shoppingmall\server\node_modules\_mongoose@5.8.3@mongoose\lib\schematype.js:1358:15)
    at cast (D:\desktop\Shoppingmall\server\node_modules\_mongoose@5.8.3@mongoose\lib\cast.js:260:34)
    at model.Query.Query.cast (D:\desktop\Shoppingmall\server\node_modules\_mongoose@5.8.3@mongoose\lib\query.js:4698:12)
    at model.Query.Query._castConditions (D:\desktop\Shoppingmall\server\node_modules\_mongoose@5.8.3@mongoose\lib\query.js:1876:10)
    at model.Query.<anonymous> (D:\desktop\Shoppingmall\server\node_modules\_mongoose@5.8.3@mongoose\lib\query.js:2131:8)
    at model.Query._wrappedThunk [as _findOne] (D:\desktop\Shoppingmall\server\node_modules\_mongoose@5.8.3@mongoose\lib\helpers\query\wrapThunk.js:16:8)
    at D:\desktop\Shoppingmall\server\node_modules\_kareem@2.3.1@kareem\index.js:369:33
    at processTicksAndRejections (internal/process/task_queues.js:75:11)
stringValue: "\"{ id: '238bc2e023844769a6b67d9a4c04b2ea' }\""
kind: "string"
value: {"id":"238bc2e023844769a6b67d9a4c04b2ea"}
path: "cid"
reason: null
message: "Cast to string failed for value \"{ id: '238bc2e023844769a6b67d9a4c04b2ea' }\" at path \"cid\" for model \"Collection\""
name: "CastError"
model: undefined
pid: 4884
hostname: stu006

2020-01-02 08:50:00,522 ERROR 4884 [-/127.0.0.1/-/16ms POST /v1/collection] nodejs.TypeError: Cannot read property 'id' of null
    at OperatingGoodsController.collection (D:\desktop\Shoppingmall\server\app\controller\api\operatingGoods.js:16:24)
    at runMicrotasks (<anonymous>)
    at processTicksAndRejections (internal/process/task_queues.js:93:5)
    at async D:\desktop\Shoppingmall\server\app\middleware\isLogin.js:15:13
    at async D:\desktop\Shoppingmall\server\node_modules\_egg-development@2.4.3@egg-development\app\middleware\egg_loader_trace.js:9:50
    at async xframe (D:\desktop\Shoppingmall\server\node_modules\_egg-security@2.7.1@egg-security\lib\middlewares\xframe.js:7:5)
    at async xssProtection (D:\desktop\Shoppingmall\server\node_modules\_egg-security@2.7.1@egg-security\lib\middlewares\xssProtection.js:7:5)
    at async nosniff (D:\desktop\Shoppingmall\server\node_modules\_egg-security@2.7.1@egg-security\lib\middlewares\nosniff.js:8:5)
    at async noopen (D:\desktop\Shoppingmall\server\node_modules\_egg-security@2.7.1@egg-security\lib\middlewares\noopen.js:8:5)
    at async session (D:\desktop\Shoppingmall\server\node_modules\_koa-session@5.12.3@koa-session\index.js:41:7)
    at async bodyParser (D:\desktop\Shoppingmall\server\node_modules\_koa-bodyparser@4.2.1@koa-bodyparser\index.js:86:5)
    at async D:\desktop\Shoppingmall\server\node_modules\_koa-static-cache@5.1.2@koa-static-cache\index.js:51:63
    at async notfound (D:\desktop\Shoppingmall\server\node_modules\_egg@2.26.0@egg\app\middleware\notfound.js:5:5)
    at async meta (D:\desktop\Shoppingmall\server\node_modules\_egg@2.26.0@egg\app\middleware\meta.js:12:5)

pid: 4884
hostname: stu006

2020-01-02 08:50:01,237 ERROR 4884 [-/127.0.0.1/-/5ms POST /v1/isCollection] nodejs.CastError: Cast to string failed for value "{ id: '238bc2e023844769a6b67d9a4c04b2ea' }" at path "cid" for model "Collection"
    at new CastError (D:\desktop\Shoppingmall\server\node_modules\_mongoose@5.8.3@mongoose\lib\error\cast.js:39:11)
    at SchemaString.cast (D:\desktop\Shoppingmall\server\node_modules\_mongoose@5.8.3@mongoose\lib\schema\string.js:583:11)
    at SchemaString.SchemaType.applySetters (D:\desktop\Shoppingmall\server\node_modules\_mongoose@5.8.3@mongoose\lib\schematype.js:975:12)
    at SchemaString.SchemaType._castForQuery (D:\desktop\Shoppingmall\server\node_modules\_mongoose@5.8.3@mongoose\lib\schematype.js:1389:15)
    at SchemaString.castForQuery (D:\desktop\Shoppingmall\server\node_modules\_mongoose@5.8.3@mongoose\lib\schema\string.js:645:15)
    at SchemaString.SchemaType.castForQueryWrapper (D:\desktop\Shoppingmall\server\node_modules\_mongoose@5.8.3@mongoose\lib\schematype.js:1358:15)
    at cast (D:\desktop\Shoppingmall\server\node_modules\_mongoose@5.8.3@mongoose\lib\cast.js:260:34)
    at model.Query.Query.cast (D:\desktop\Shoppingmall\server\node_modules\_mongoose@5.8.3@mongoose\lib\query.js:4698:12)
    at model.Query.Query._castConditions (D:\desktop\Shoppingmall\server\node_modules\_mongoose@5.8.3@mongoose\lib\query.js:1876:10)
    at model.Query.<anonymous> (D:\desktop\Shoppingmall\server\node_modules\_mongoose@5.8.3@mongoose\lib\query.js:2131:8)
    at model.Query._wrappedThunk [as _findOne] (D:\desktop\Shoppingmall\server\node_modules\_mongoose@5.8.3@mongoose\lib\helpers\query\wrapThunk.js:16:8)
    at D:\desktop\Shoppingmall\server\node_modules\_kareem@2.3.1@kareem\index.js:369:33
    at processTicksAndRejections (internal/process/task_queues.js:75:11)
stringValue: "\"{ id: '238bc2e023844769a6b67d9a4c04b2ea' }\""
kind: "string"
value: {"id":"238bc2e023844769a6b67d9a4c04b2ea"}
path: "cid"
reason: null
message: "Cast to string failed for value \"{ id: '238bc2e023844769a6b67d9a4c04b2ea' }\" at path \"cid\" for model \"Collection\""
name: "CastError"
model: undefined
pid: 4884
hostname: stu006

2020-01-02 08:51:29,353 ERROR 4884 [-/127.0.0.1/-/3ms POST /v1/isCollection] nodejs.CastError: Cast to string failed for value "{ id: '238bc2e023844769a6b67d9a4c04b2ea' }" at path "cid" for model "Collection"
    at new CastError (D:\desktop\Shoppingmall\server\node_modules\_mongoose@5.8.3@mongoose\lib\error\cast.js:39:11)
    at SchemaString.cast (D:\desktop\Shoppingmall\server\node_modules\_mongoose@5.8.3@mongoose\lib\schema\string.js:583:11)
    at SchemaString.SchemaType.applySetters (D:\desktop\Shoppingmall\server\node_modules\_mongoose@5.8.3@mongoose\lib\schematype.js:975:12)
    at SchemaString.SchemaType._castForQuery (D:\desktop\Shoppingmall\server\node_modules\_mongoose@5.8.3@mongoose\lib\schematype.js:1389:15)
    at SchemaString.castForQuery (D:\desktop\Shoppingmall\server\node_modules\_mongoose@5.8.3@mongoose\lib\schema\string.js:645:15)
    at SchemaString.SchemaType.castForQueryWrapper (D:\desktop\Shoppingmall\server\node_modules\_mongoose@5.8.3@mongoose\lib\schematype.js:1358:15)
    at cast (D:\desktop\Shoppingmall\server\node_modules\_mongoose@5.8.3@mongoose\lib\cast.js:260:34)
    at model.Query.Query.cast (D:\desktop\Shoppingmall\server\node_modules\_mongoose@5.8.3@mongoose\lib\query.js:4698:12)
    at model.Query.Query._castConditions (D:\desktop\Shoppingmall\server\node_modules\_mongoose@5.8.3@mongoose\lib\query.js:1876:10)
    at model.Query.<anonymous> (D:\desktop\Shoppingmall\server\node_modules\_mongoose@5.8.3@mongoose\lib\query.js:2131:8)
    at model.Query._wrappedThunk [as _findOne] (D:\desktop\Shoppingmall\server\node_modules\_mongoose@5.8.3@mongoose\lib\helpers\query\wrapThunk.js:16:8)
    at D:\desktop\Shoppingmall\server\node_modules\_kareem@2.3.1@kareem\index.js:369:33
    at processTicksAndRejections (internal/process/task_queues.js:75:11)
stringValue: "\"{ id: '238bc2e023844769a6b67d9a4c04b2ea' }\""
kind: "string"
value: {"id":"238bc2e023844769a6b67d9a4c04b2ea"}
path: "cid"
reason: null
message: "Cast to string failed for value \"{ id: '238bc2e023844769a6b67d9a4c04b2ea' }\" at path \"cid\" for model \"Collection\""
name: "CastError"
model: undefined
pid: 4884
hostname: stu006

2020-01-02 08:53:17,911 ERROR 4884 [-/127.0.0.1/-/3ms POST /v1/isCollection] nodejs.CastError: Cast to string failed for value "{ id: '238bc2e023844769a6b67d9a4c04b2ea' }" at path "cid" for model "Collection"
    at new CastError (D:\desktop\Shoppingmall\server\node_modules\_mongoose@5.8.3@mongoose\lib\error\cast.js:39:11)
    at SchemaString.cast (D:\desktop\Shoppingmall\server\node_modules\_mongoose@5.8.3@mongoose\lib\schema\string.js:583:11)
    at SchemaString.SchemaType.applySetters (D:\desktop\Shoppingmall\server\node_modules\_mongoose@5.8.3@mongoose\lib\schematype.js:975:12)
    at SchemaString.SchemaType._castForQuery (D:\desktop\Shoppingmall\server\node_modules\_mongoose@5.8.3@mongoose\lib\schematype.js:1389:15)
    at SchemaString.castForQuery (D:\desktop\Shoppingmall\server\node_modules\_mongoose@5.8.3@mongoose\lib\schema\string.js:645:15)
    at SchemaString.SchemaType.castForQueryWrapper (D:\desktop\Shoppingmall\server\node_modules\_mongoose@5.8.3@mongoose\lib\schematype.js:1358:15)
    at cast (D:\desktop\Shoppingmall\server\node_modules\_mongoose@5.8.3@mongoose\lib\cast.js:260:34)
    at model.Query.Query.cast (D:\desktop\Shoppingmall\server\node_modules\_mongoose@5.8.3@mongoose\lib\query.js:4698:12)
    at model.Query.Query._castConditions (D:\desktop\Shoppingmall\server\node_modules\_mongoose@5.8.3@mongoose\lib\query.js:1876:10)
    at model.Query.<anonymous> (D:\desktop\Shoppingmall\server\node_modules\_mongoose@5.8.3@mongoose\lib\query.js:2131:8)
    at model.Query._wrappedThunk [as _findOne] (D:\desktop\Shoppingmall\server\node_modules\_mongoose@5.8.3@mongoose\lib\helpers\query\wrapThunk.js:16:8)
    at D:\desktop\Shoppingmall\server\node_modules\_kareem@2.3.1@kareem\index.js:369:33
    at processTicksAndRejections (internal/process/task_queues.js:75:11)
stringValue: "\"{ id: '238bc2e023844769a6b67d9a4c04b2ea' }\""
kind: "string"
value: {"id":"238bc2e023844769a6b67d9a4c04b2ea"}
path: "cid"
reason: null
message: "Cast to string failed for value \"{ id: '238bc2e023844769a6b67d9a4c04b2ea' }\" at path \"cid\" for model \"Collection\""
name: "CastError"
model: undefined
pid: 4884
hostname: stu006

2020-01-02 08:54:09,362 ERROR 4884 [-/127.0.0.1/-/6ms POST /v1/cancelCollection] nodejs.CastError: Cast to string failed for value "{ id: '238bc2e023844769a6b67d9a4c04b2ea' }" at path "cid" for model "Collection"
    at new CastError (D:\desktop\Shoppingmall\server\node_modules\_mongoose@5.8.3@mongoose\lib\error\cast.js:39:11)
    at SchemaString.cast (D:\desktop\Shoppingmall\server\node_modules\_mongoose@5.8.3@mongoose\lib\schema\string.js:583:11)
    at SchemaString.SchemaType.applySetters (D:\desktop\Shoppingmall\server\node_modules\_mongoose@5.8.3@mongoose\lib\schematype.js:975:12)
    at SchemaString.SchemaType._castForQuery (D:\desktop\Shoppingmall\server\node_modules\_mongoose@5.8.3@mongoose\lib\schematype.js:1389:15)
    at SchemaString.castForQuery (D:\desktop\Shoppingmall\server\node_modules\_mongoose@5.8.3@mongoose\lib\schema\string.js:645:15)
    at SchemaString.SchemaType.castForQueryWrapper (D:\desktop\Shoppingmall\server\node_modules\_mongoose@5.8.3@mongoose\lib\schematype.js:1358:15)
    at cast (D:\desktop\Shoppingmall\server\node_modules\_mongoose@5.8.3@mongoose\lib\cast.js:260:34)
    at model.Query.Query.cast (D:\desktop\Shoppingmall\server\node_modules\_mongoose@5.8.3@mongoose\lib\query.js:4698:12)
    at model.Query.Query._castConditions (D:\desktop\Shoppingmall\server\node_modules\_mongoose@5.8.3@mongoose\lib\query.js:1876:10)
    at model.Query.<anonymous> (D:\desktop\Shoppingmall\server\node_modules\_mongoose@5.8.3@mongoose\lib\query.js:2743:8)
    at model.Query._wrappedThunk [as _deleteOne] (D:\desktop\Shoppingmall\server\node_modules\_mongoose@5.8.3@mongoose\lib\helpers\query\wrapThunk.js:16:8)
    at D:\desktop\Shoppingmall\server\node_modules\_kareem@2.3.1@kareem\index.js:369:33
    at processTicksAndRejections (internal/process/task_queues.js:75:11)
stringValue: "\"{ id: '238bc2e023844769a6b67d9a4c04b2ea' }\""
kind: "string"
value: {"id":"238bc2e023844769a6b67d9a4c04b2ea"}
path: "cid"
reason: null
message: "Cast to string failed for value \"{ id: '238bc2e023844769a6b67d9a4c04b2ea' }\" at path \"cid\" for model \"Collection\""
name: "CastError"
model: undefined
pid: 4884
hostname: stu006

2020-01-02 08:54:10,629 ERROR 4884 [-/127.0.0.1/-/3ms POST /v1/cancelCollection] nodejs.CastError: Cast to string failed for value "{ id: '238bc2e023844769a6b67d9a4c04b2ea' }" at path "cid" for model "Collection"
    at new CastError (D:\desktop\Shoppingmall\server\node_modules\_mongoose@5.8.3@mongoose\lib\error\cast.js:39:11)
    at SchemaString.cast (D:\desktop\Shoppingmall\server\node_modules\_mongoose@5.8.3@mongoose\lib\schema\string.js:583:11)
    at SchemaString.SchemaType.applySetters (D:\desktop\Shoppingmall\server\node_modules\_mongoose@5.8.3@mongoose\lib\schematype.js:975:12)
    at SchemaString.SchemaType._castForQuery (D:\desktop\Shoppingmall\server\node_modules\_mongoose@5.8.3@mongoose\lib\schematype.js:1389:15)
    at SchemaString.castForQuery (D:\desktop\Shoppingmall\server\node_modules\_mongoose@5.8.3@mongoose\lib\schema\string.js:645:15)
    at SchemaString.SchemaType.castForQueryWrapper (D:\desktop\Shoppingmall\server\node_modules\_mongoose@5.8.3@mongoose\lib\schematype.js:1358:15)
    at cast (D:\desktop\Shoppingmall\server\node_modules\_mongoose@5.8.3@mongoose\lib\cast.js:260:34)
    at model.Query.Query.cast (D:\desktop\Shoppingmall\server\node_modules\_mongoose@5.8.3@mongoose\lib\query.js:4698:12)
    at model.Query.Query._castConditions (D:\desktop\Shoppingmall\server\node_modules\_mongoose@5.8.3@mongoose\lib\query.js:1876:10)
    at model.Query.<anonymous> (D:\desktop\Shoppingmall\server\node_modules\_mongoose@5.8.3@mongoose\lib\query.js:2743:8)
    at model.Query._wrappedThunk [as _deleteOne] (D:\desktop\Shoppingmall\server\node_modules\_mongoose@5.8.3@mongoose\lib\helpers\query\wrapThunk.js:16:8)
    at D:\desktop\Shoppingmall\server\node_modules\_kareem@2.3.1@kareem\index.js:369:33
    at processTicksAndRejections (internal/process/task_queues.js:75:11)
stringValue: "\"{ id: '238bc2e023844769a6b67d9a4c04b2ea' }\""
kind: "string"
value: {"id":"238bc2e023844769a6b67d9a4c04b2ea"}
path: "cid"
reason: null
message: "Cast to string failed for value \"{ id: '238bc2e023844769a6b67d9a4c04b2ea' }\" at path \"cid\" for model \"Collection\""
name: "CastError"
model: undefined
pid: 4884
hostname: stu006

2020-01-05 17:04:54,023 ERROR 8200 [-/127.0.0.1/-/76ms POST /v1/deleteShop] nodejs.CastError: Cast to string failed for value "{}" at path "cid" for model "ShopList"
    at new CastError (D:\desktop\Shoppingmall\server\node_modules\_mongoose@5.8.3@mongoose\lib\error\cast.js:39:11)
    at SchemaString.cast (D:\desktop\Shoppingmall\server\node_modules\_mongoose@5.8.3@mongoose\lib\schema\string.js:583:11)
    at SchemaString.SchemaType.applySetters (D:\desktop\Shoppingmall\server\node_modules\_mongoose@5.8.3@mongoose\lib\schematype.js:975:12)
    at SchemaString.SchemaType._castForQuery (D:\desktop\Shoppingmall\server\node_modules\_mongoose@5.8.3@mongoose\lib\schematype.js:1389:15)
    at SchemaString.castForQuery (D:\desktop\Shoppingmall\server\node_modules\_mongoose@5.8.3@mongoose\lib\schema\string.js:645:15)
    at SchemaString.SchemaType.castForQueryWrapper (D:\desktop\Shoppingmall\server\node_modules\_mongoose@5.8.3@mongoose\lib\schematype.js:1358:15)
    at cast (D:\desktop\Shoppingmall\server\node_modules\_mongoose@5.8.3@mongoose\lib\cast.js:260:34)
    at model.Query.Query.cast (D:\desktop\Shoppingmall\server\node_modules\_mongoose@5.8.3@mongoose\lib\query.js:4698:12)
    at model.Query.Query._castConditions (D:\desktop\Shoppingmall\server\node_modules\_mongoose@5.8.3@mongoose\lib\query.js:1876:10)
    at model.Query.<anonymous> (D:\desktop\Shoppingmall\server\node_modules\_mongoose@5.8.3@mongoose\lib\query.js:2826:8)
    at model.Query._wrappedThunk [as _deleteMany] (D:\desktop\Shoppingmall\server\node_modules\_mongoose@5.8.3@mongoose\lib\helpers\query\wrapThunk.js:16:8)
    at D:\desktop\Shoppingmall\server\node_modules\_kareem@2.3.1@kareem\index.js:369:33
    at processTicksAndRejections (internal/process/task_queues.js:75:11)
stringValue: "\"{}\""
kind: "string"
value: {}
path: "cid"
reason: null
message: "Cast to string failed for value \"{}\" at path \"cid\" for model \"ShopList\""
name: "CastError"
model: undefined
pid: 8200
hostname: stu006

2020-01-05 17:05:10,110 ERROR 8200 [-/127.0.0.1/-/1ms POST /v1/deleteShop] nodejs.CastError: Cast to string failed for value "{}" at path "cid" for model "ShopList"
    at new CastError (D:\desktop\Shoppingmall\server\node_modules\_mongoose@5.8.3@mongoose\lib\error\cast.js:39:11)
    at SchemaString.cast (D:\desktop\Shoppingmall\server\node_modules\_mongoose@5.8.3@mongoose\lib\schema\string.js:583:11)
    at SchemaString.SchemaType.applySetters (D:\desktop\Shoppingmall\server\node_modules\_mongoose@5.8.3@mongoose\lib\schematype.js:975:12)
    at SchemaString.SchemaType._castForQuery (D:\desktop\Shoppingmall\server\node_modules\_mongoose@5.8.3@mongoose\lib\schematype.js:1389:15)
    at SchemaString.castForQuery (D:\desktop\Shoppingmall\server\node_modules\_mongoose@5.8.3@mongoose\lib\schema\string.js:645:15)
    at SchemaString.SchemaType.castForQueryWrapper (D:\desktop\Shoppingmall\server\node_modules\_mongoose@5.8.3@mongoose\lib\schematype.js:1358:15)
    at cast (D:\desktop\Shoppingmall\server\node_modules\_mongoose@5.8.3@mongoose\lib\cast.js:260:34)
    at model.Query.Query.cast (D:\desktop\Shoppingmall\server\node_modules\_mongoose@5.8.3@mongoose\lib\query.js:4698:12)
    at model.Query.Query._castConditions (D:\desktop\Shoppingmall\server\node_modules\_mongoose@5.8.3@mongoose\lib\query.js:1876:10)
    at model.Query.<anonymous> (D:\desktop\Shoppingmall\server\node_modules\_mongoose@5.8.3@mongoose\lib\query.js:2826:8)
    at model.Query._wrappedThunk [as _deleteMany] (D:\desktop\Shoppingmall\server\node_modules\_mongoose@5.8.3@mongoose\lib\helpers\query\wrapThunk.js:16:8)
    at D:\desktop\Shoppingmall\server\node_modules\_kareem@2.3.1@kareem\index.js:369:33
    at processTicksAndRejections (internal/process/task_queues.js:75:11)
stringValue: "\"{}\""
kind: "string"
value: {}
path: "cid"
reason: null
message: "Cast to string failed for value \"{}\" at path \"cid\" for model \"ShopList\""
name: "CastError"
model: undefined
pid: 8200
hostname: stu006

2020-01-05 17:06:07,908 ERROR 8200 [-/127.0.0.1/-/3ms POST /v1/deleteShop] nodejs.CastError: Cast to string failed for value "{}" at path "cid" for model "ShopList"
    at new CastError (D:\desktop\Shoppingmall\server\node_modules\_mongoose@5.8.3@mongoose\lib\error\cast.js:39:11)
    at SchemaString.cast (D:\desktop\Shoppingmall\server\node_modules\_mongoose@5.8.3@mongoose\lib\schema\string.js:583:11)
    at SchemaString.SchemaType.applySetters (D:\desktop\Shoppingmall\server\node_modules\_mongoose@5.8.3@mongoose\lib\schematype.js:975:12)
    at SchemaString.SchemaType._castForQuery (D:\desktop\Shoppingmall\server\node_modules\_mongoose@5.8.3@mongoose\lib\schematype.js:1389:15)
    at SchemaString.castForQuery (D:\desktop\Shoppingmall\server\node_modules\_mongoose@5.8.3@mongoose\lib\schema\string.js:645:15)
    at SchemaString.SchemaType.castForQueryWrapper (D:\desktop\Shoppingmall\server\node_modules\_mongoose@5.8.3@mongoose\lib\schematype.js:1358:15)
    at cast (D:\desktop\Shoppingmall\server\node_modules\_mongoose@5.8.3@mongoose\lib\cast.js:260:34)
    at model.Query.Query.cast (D:\desktop\Shoppingmall\server\node_modules\_mongoose@5.8.3@mongoose\lib\query.js:4698:12)
    at model.Query.Query._castConditions (D:\desktop\Shoppingmall\server\node_modules\_mongoose@5.8.3@mongoose\lib\query.js:1876:10)
    at model.Query.<anonymous> (D:\desktop\Shoppingmall\server\node_modules\_mongoose@5.8.3@mongoose\lib\query.js:2826:8)
    at model.Query._wrappedThunk [as _deleteMany] (D:\desktop\Shoppingmall\server\node_modules\_mongoose@5.8.3@mongoose\lib\helpers\query\wrapThunk.js:16:8)
    at D:\desktop\Shoppingmall\server\node_modules\_kareem@2.3.1@kareem\index.js:369:33
    at processTicksAndRejections (internal/process/task_queues.js:75:11)
stringValue: "\"{}\""
kind: "string"
value: {}
path: "cid"
reason: null
message: "Cast to string failed for value \"{}\" at path \"cid\" for model \"ShopList\""
name: "CastError"
model: undefined
pid: 8200
hostname: stu006

2020-01-05 17:10:17,146 ERROR 8200 [-/127.0.0.1/-/16ms POST /v1/deleteShop] nodejs.CastError: Cast to string failed for value "{ id: 'fa750a815cfd46c3ba468db800f0e370' }" at path "cid" for model "ShopList"
    at new CastError (D:\desktop\Shoppingmall\server\node_modules\_mongoose@5.8.3@mongoose\lib\error\cast.js:39:11)
    at SchemaString.cast (D:\desktop\Shoppingmall\server\node_modules\_mongoose@5.8.3@mongoose\lib\schema\string.js:583:11)
    at SchemaString.SchemaType.applySetters (D:\desktop\Shoppingmall\server\node_modules\_mongoose@5.8.3@mongoose\lib\schematype.js:975:12)
    at SchemaString.SchemaType._castForQuery (D:\desktop\Shoppingmall\server\node_modules\_mongoose@5.8.3@mongoose\lib\schematype.js:1389:15)
    at SchemaString.castForQuery (D:\desktop\Shoppingmall\server\node_modules\_mongoose@5.8.3@mongoose\lib\schema\string.js:645:15)
    at SchemaString.SchemaType.castForQueryWrapper (D:\desktop\Shoppingmall\server\node_modules\_mongoose@5.8.3@mongoose\lib\schematype.js:1358:15)
    at cast (D:\desktop\Shoppingmall\server\node_modules\_mongoose@5.8.3@mongoose\lib\cast.js:260:34)
    at model.Query.Query.cast (D:\desktop\Shoppingmall\server\node_modules\_mongoose@5.8.3@mongoose\lib\query.js:4698:12)
    at model.Query.Query._castConditions (D:\desktop\Shoppingmall\server\node_modules\_mongoose@5.8.3@mongoose\lib\query.js:1876:10)
    at model.Query.<anonymous> (D:\desktop\Shoppingmall\server\node_modules\_mongoose@5.8.3@mongoose\lib\query.js:2826:8)
    at model.Query._wrappedThunk [as _deleteMany] (D:\desktop\Shoppingmall\server\node_modules\_mongoose@5.8.3@mongoose\lib\helpers\query\wrapThunk.js:16:8)
    at D:\desktop\Shoppingmall\server\node_modules\_kareem@2.3.1@kareem\index.js:369:33
    at processTicksAndRejections (internal/process/task_queues.js:75:11)
stringValue: "\"{ id: 'fa750a815cfd46c3ba468db800f0e370' }\""
kind: "string"
value: {"id":"fa750a815cfd46c3ba468db800f0e370"}
path: "cid"
reason: null
message: "Cast to string failed for value \"{ id: 'fa750a815cfd46c3ba468db800f0e370' }\" at path \"cid\" for model \"ShopList\""
name: "CastError"
model: undefined
pid: 8200
hostname: stu006

2020-01-05 17:10:36,140 ERROR 8200 [-/127.0.0.1/-/1ms POST /v1/deleteShop] nodejs.CastError: Cast to string failed for value "{ id: 'fa750a815cfd46c3ba468db800f0e370' }" at path "cid" for model "ShopList"
    at new CastError (D:\desktop\Shoppingmall\server\node_modules\_mongoose@5.8.3@mongoose\lib\error\cast.js:39:11)
    at SchemaString.cast (D:\desktop\Shoppingmall\server\node_modules\_mongoose@5.8.3@mongoose\lib\schema\string.js:583:11)
    at SchemaString.SchemaType.applySetters (D:\desktop\Shoppingmall\server\node_modules\_mongoose@5.8.3@mongoose\lib\schematype.js:975:12)
    at SchemaString.SchemaType._castForQuery (D:\desktop\Shoppingmall\server\node_modules\_mongoose@5.8.3@mongoose\lib\schematype.js:1389:15)
    at SchemaString.castForQuery (D:\desktop\Shoppingmall\server\node_modules\_mongoose@5.8.3@mongoose\lib\schema\string.js:645:15)
    at SchemaString.SchemaType.castForQueryWrapper (D:\desktop\Shoppingmall\server\node_modules\_mongoose@5.8.3@mongoose\lib\schematype.js:1358:15)
    at cast (D:\desktop\Shoppingmall\server\node_modules\_mongoose@5.8.3@mongoose\lib\cast.js:260:34)
    at model.Query.Query.cast (D:\desktop\Shoppingmall\server\node_modules\_mongoose@5.8.3@mongoose\lib\query.js:4698:12)
    at model.Query.Query._castConditions (D:\desktop\Shoppingmall\server\node_modules\_mongoose@5.8.3@mongoose\lib\query.js:1876:10)
    at model.Query.<anonymous> (D:\desktop\Shoppingmall\server\node_modules\_mongoose@5.8.3@mongoose\lib\query.js:2826:8)
    at model.Query._wrappedThunk [as _deleteMany] (D:\desktop\Shoppingmall\server\node_modules\_mongoose@5.8.3@mongoose\lib\helpers\query\wrapThunk.js:16:8)
    at D:\desktop\Shoppingmall\server\node_modules\_kareem@2.3.1@kareem\index.js:369:33
    at processTicksAndRejections (internal/process/task_queues.js:75:11)
stringValue: "\"{ id: 'fa750a815cfd46c3ba468db800f0e370' }\""
kind: "string"
value: {"id":"fa750a815cfd46c3ba468db800f0e370"}
path: "cid"
reason: null
message: "Cast to string failed for value \"{ id: 'fa750a815cfd46c3ba468db800f0e370' }\" at path \"cid\" for model \"ShopList\""
name: "CastError"
model: undefined
pid: 8200
hostname: stu006

2020-01-05 17:11:28,847 ERROR 8200 [-/127.0.0.1/-/1ms POST /v1/deleteShop] nodejs.CastError: Cast to string failed for value "{ id: '238bc2e023844769a6b67d9a4c04b2ea' }" at path "cid" for model "ShopList"
    at new CastError (D:\desktop\Shoppingmall\server\node_modules\_mongoose@5.8.3@mongoose\lib\error\cast.js:39:11)
    at SchemaString.cast (D:\desktop\Shoppingmall\server\node_modules\_mongoose@5.8.3@mongoose\lib\schema\string.js:583:11)
    at SchemaString.SchemaType.applySetters (D:\desktop\Shoppingmall\server\node_modules\_mongoose@5.8.3@mongoose\lib\schematype.js:975:12)
    at SchemaString.SchemaType._castForQuery (D:\desktop\Shoppingmall\server\node_modules\_mongoose@5.8.3@mongoose\lib\schematype.js:1389:15)
    at SchemaString.castForQuery (D:\desktop\Shoppingmall\server\node_modules\_mongoose@5.8.3@mongoose\lib\schema\string.js:645:15)
    at SchemaString.SchemaType.castForQueryWrapper (D:\desktop\Shoppingmall\server\node_modules\_mongoose@5.8.3@mongoose\lib\schematype.js:1358:15)
    at cast (D:\desktop\Shoppingmall\server\node_modules\_mongoose@5.8.3@mongoose\lib\cast.js:260:34)
    at model.Query.Query.cast (D:\desktop\Shoppingmall\server\node_modules\_mongoose@5.8.3@mongoose\lib\query.js:4698:12)
    at model.Query.Query._castConditions (D:\desktop\Shoppingmall\server\node_modules\_mongoose@5.8.3@mongoose\lib\query.js:1876:10)
    at model.Query.<anonymous> (D:\desktop\Shoppingmall\server\node_modules\_mongoose@5.8.3@mongoose\lib\query.js:2826:8)
    at model.Query._wrappedThunk [as _deleteMany] (D:\desktop\Shoppingmall\server\node_modules\_mongoose@5.8.3@mongoose\lib\helpers\query\wrapThunk.js:16:8)
    at D:\desktop\Shoppingmall\server\node_modules\_kareem@2.3.1@kareem\index.js:369:33
    at processTicksAndRejections (internal/process/task_queues.js:75:11)
stringValue: "\"{ id: '238bc2e023844769a6b67d9a4c04b2ea' }\""
kind: "string"
value: {"id":"238bc2e023844769a6b67d9a4c04b2ea"}
path: "cid"
reason: null
message: "Cast to string failed for value \"{ id: '238bc2e023844769a6b67d9a4c04b2ea' }\" at path \"cid\" for model \"ShopList\""
name: "CastError"
model: undefined
pid: 8200
hostname: stu006

2020-01-05 17:11:39,526 ERROR 8200 [-/127.0.0.1/-/2ms POST /v1/deleteShop] nodejs.CastError: Cast to string failed for value "{ cid: '238bc2e023844769a6b67d9a4c04b2ea' }" at path "cid" for model "ShopList"
    at new CastError (D:\desktop\Shoppingmall\server\node_modules\_mongoose@5.8.3@mongoose\lib\error\cast.js:39:11)
    at SchemaString.cast (D:\desktop\Shoppingmall\server\node_modules\_mongoose@5.8.3@mongoose\lib\schema\string.js:583:11)
    at SchemaString.SchemaType.applySetters (D:\desktop\Shoppingmall\server\node_modules\_mongoose@5.8.3@mongoose\lib\schematype.js:975:12)
    at SchemaString.SchemaType._castForQuery (D:\desktop\Shoppingmall\server\node_modules\_mongoose@5.8.3@mongoose\lib\schematype.js:1389:15)
    at SchemaString.castForQuery (D:\desktop\Shoppingmall\server\node_modules\_mongoose@5.8.3@mongoose\lib\schema\string.js:645:15)
    at SchemaString.SchemaType.castForQueryWrapper (D:\desktop\Shoppingmall\server\node_modules\_mongoose@5.8.3@mongoose\lib\schematype.js:1358:15)
    at cast (D:\desktop\Shoppingmall\server\node_modules\_mongoose@5.8.3@mongoose\lib\cast.js:260:34)
    at model.Query.Query.cast (D:\desktop\Shoppingmall\server\node_modules\_mongoose@5.8.3@mongoose\lib\query.js:4698:12)
    at model.Query.Query._castConditions (D:\desktop\Shoppingmall\server\node_modules\_mongoose@5.8.3@mongoose\lib\query.js:1876:10)
    at model.Query.<anonymous> (D:\desktop\Shoppingmall\server\node_modules\_mongoose@5.8.3@mongoose\lib\query.js:2826:8)
    at model.Query._wrappedThunk [as _deleteMany] (D:\desktop\Shoppingmall\server\node_modules\_mongoose@5.8.3@mongoose\lib\helpers\query\wrapThunk.js:16:8)
    at D:\desktop\Shoppingmall\server\node_modules\_kareem@2.3.1@kareem\index.js:369:33
    at processTicksAndRejections (internal/process/task_queues.js:75:11)
stringValue: "\"{ cid: '238bc2e023844769a6b67d9a4c04b2ea' }\""
kind: "string"
value: {"cid":"238bc2e023844769a6b67d9a4c04b2ea"}
path: "cid"
reason: null
message: "Cast to string failed for value \"{ cid: '238bc2e023844769a6b67d9a4c04b2ea' }\" at path \"cid\" for model \"ShopList\""
name: "CastError"
model: undefined
pid: 8200
hostname: stu006

2020-01-05 17:12:09,225 ERROR 8200 [-/127.0.0.1/-/1ms POST /v1/deleteShop] nodejs.CastError: Cast to string failed for value "{ id: '238bc2e023844769a6b67d9a4c04b2ea' }" at path "cid" for model "ShopList"
    at new CastError (D:\desktop\Shoppingmall\server\node_modules\_mongoose@5.8.3@mongoose\lib\error\cast.js:39:11)
    at SchemaString.cast (D:\desktop\Shoppingmall\server\node_modules\_mongoose@5.8.3@mongoose\lib\schema\string.js:583:11)
    at SchemaString.SchemaType.applySetters (D:\desktop\Shoppingmall\server\node_modules\_mongoose@5.8.3@mongoose\lib\schematype.js:975:12)
    at SchemaString.SchemaType._castForQuery (D:\desktop\Shoppingmall\server\node_modules\_mongoose@5.8.3@mongoose\lib\schematype.js:1389:15)
    at SchemaString.castForQuery (D:\desktop\Shoppingmall\server\node_modules\_mongoose@5.8.3@mongoose\lib\schema\string.js:645:15)
    at SchemaString.SchemaType.castForQueryWrapper (D:\desktop\Shoppingmall\server\node_modules\_mongoose@5.8.3@mongoose\lib\schematype.js:1358:15)
    at cast (D:\desktop\Shoppingmall\server\node_modules\_mongoose@5.8.3@mongoose\lib\cast.js:260:34)
    at model.Query.Query.cast (D:\desktop\Shoppingmall\server\node_modules\_mongoose@5.8.3@mongoose\lib\query.js:4698:12)
    at model.Query.Query._castConditions (D:\desktop\Shoppingmall\server\node_modules\_mongoose@5.8.3@mongoose\lib\query.js:1876:10)
    at model.Query.<anonymous> (D:\desktop\Shoppingmall\server\node_modules\_mongoose@5.8.3@mongoose\lib\query.js:2826:8)
    at model.Query._wrappedThunk [as _deleteMany] (D:\desktop\Shoppingmall\server\node_modules\_mongoose@5.8.3@mongoose\lib\helpers\query\wrapThunk.js:16:8)
    at D:\desktop\Shoppingmall\server\node_modules\_kareem@2.3.1@kareem\index.js:369:33
    at processTicksAndRejections (internal/process/task_queues.js:75:11)
stringValue: "\"{ id: '238bc2e023844769a6b67d9a4c04b2ea' }\""
kind: "string"
value: {"id":"238bc2e023844769a6b67d9a4c04b2ea"}
path: "cid"
reason: null
message: "Cast to string failed for value \"{ id: '238bc2e023844769a6b67d9a4c04b2ea' }\" at path \"cid\" for model \"ShopList\""
name: "CastError"
model: undefined
pid: 8200
hostname: stu006

2020-01-05 17:12:50,498 ERROR 8200 [-/127.0.0.1/-/2ms POST /v1/deleteShop] nodejs.CastError: Cast to string failed for value "{}" at path "cid" for model "ShopList"
    at new CastError (D:\desktop\Shoppingmall\server\node_modules\_mongoose@5.8.3@mongoose\lib\error\cast.js:39:11)
    at SchemaString.cast (D:\desktop\Shoppingmall\server\node_modules\_mongoose@5.8.3@mongoose\lib\schema\string.js:583:11)
    at SchemaString.SchemaType.applySetters (D:\desktop\Shoppingmall\server\node_modules\_mongoose@5.8.3@mongoose\lib\schematype.js:975:12)
    at SchemaString.SchemaType._castForQuery (D:\desktop\Shoppingmall\server\node_modules\_mongoose@5.8.3@mongoose\lib\schematype.js:1389:15)
    at SchemaString.castForQuery (D:\desktop\Shoppingmall\server\node_modules\_mongoose@5.8.3@mongoose\lib\schema\string.js:645:15)
    at SchemaString.SchemaType.castForQueryWrapper (D:\desktop\Shoppingmall\server\node_modules\_mongoose@5.8.3@mongoose\lib\schematype.js:1358:15)
    at cast (D:\desktop\Shoppingmall\server\node_modules\_mongoose@5.8.3@mongoose\lib\cast.js:260:34)
    at model.Query.Query.cast (D:\desktop\Shoppingmall\server\node_modules\_mongoose@5.8.3@mongoose\lib\query.js:4698:12)
    at model.Query.Query._castConditions (D:\desktop\Shoppingmall\server\node_modules\_mongoose@5.8.3@mongoose\lib\query.js:1876:10)
    at model.Query.<anonymous> (D:\desktop\Shoppingmall\server\node_modules\_mongoose@5.8.3@mongoose\lib\query.js:2826:8)
    at model.Query._wrappedThunk [as _deleteMany] (D:\desktop\Shoppingmall\server\node_modules\_mongoose@5.8.3@mongoose\lib\helpers\query\wrapThunk.js:16:8)
    at D:\desktop\Shoppingmall\server\node_modules\_kareem@2.3.1@kareem\index.js:369:33
    at processTicksAndRejections (internal/process/task_queues.js:75:11)
stringValue: "\"{}\""
kind: "string"
value: {}
path: "cid"
reason: null
message: "Cast to string failed for value \"{}\" at path \"cid\" for model \"ShopList\""
name: "CastError"
model: undefined
pid: 8200
hostname: stu006

2020-01-05 21:18:23,745 ERROR 8200 [-/127.0.0.1/-/70ms POST /v1/saveUser] nodejs.ENOENTError: ENOENT: no such file or directory, open 'D:\desktop\Shoppingmall\server\app\public\avatar\157823030369410a67h-8_i8c7hfb5e089cfa3eb6752034d59c51.png'
ENOENTError: ENOENT: no such file or directory, open 'D:\desktop\Shoppingmall\server\app\public\avatar\157823030369410a67h-8_i8c7hfb5e089cfa3eb6752034d59c51.png'
errno: -4058
code: "ENOENT"
syscall: "open"
path: "D:\\desktop\\Shoppingmall\\server\\app\\public\\avatar\\157823030369410a67h-8_i8c7hfb5e089cfa3eb6752034d59c51.png"
name: "ENOENTError"
pid: 8200
hostname: stu006

2020-01-05 21:22:58,633 ERROR 8200 [-/127.0.0.1/-/16ms POST /v1/saveUser] nodejs.ENOENTError: ENOENT: no such file or directory, open 'D:\desktop\Shoppingmall\server\app\public\avatar\157823057862810a67h-8_i8c7hfb5e089cfa3eb6752034d59c51.png'
ENOENTError: ENOENT: no such file or directory, open 'D:\desktop\Shoppingmall\server\app\public\avatar\157823057862810a67h-8_i8c7hfb5e089cfa3eb6752034d59c51.png'
errno: -4058
code: "ENOENT"
syscall: "open"
path: "D:\\desktop\\Shoppingmall\\server\\app\\public\\avatar\\157823057862810a67h-8_i8c7hfb5e089cfa3eb6752034d59c51.png"
name: "ENOENTError"
pid: 8200
hostname: stu006

2020-01-05 21:23:46,586 ERROR 8200 [-/127.0.0.1/-/5ms POST /v1/saveUser] nodejs.ENOENTError: ENOENT: no such file or directory, open 'D:\desktop\Shoppingmall\server\app\public\avatar\157823062658210a67h-8_i8c7hfb5e089cfa3eb6752034d59c51.png'
ENOENTError: ENOENT: no such file or directory, open 'D:\desktop\Shoppingmall\server\app\public\avatar\157823062658210a67h-8_i8c7hfb5e089cfa3eb6752034d59c51.png'
errno: -4058
code: "ENOENT"
syscall: "open"
path: "D:\\desktop\\Shoppingmall\\server\\app\\public\\avatar\\157823062658210a67h-8_i8c7hfb5e089cfa3eb6752034d59c51.png"
name: "ENOENTError"
pid: 8200
hostname: stu006

2020-01-06 08:32:40,704 ERROR 8528 [-/127.0.0.1/-/38ms POST /v1/saveUser] nodejs.ENOENTError: ENOENT: no such file or directory, open 'D:\desktop\Shoppingmall\server\app\public\avatar\157827076067410a67h-8_i8c7hfb5e089cfa3eb6752034d59c51.png'
ENOENTError: ENOENT: no such file or directory, open 'D:\desktop\Shoppingmall\server\app\public\avatar\157827076067410a67h-8_i8c7hfb5e089cfa3eb6752034d59c51.png'
errno: -4058
code: "ENOENT"
syscall: "open"
path: "D:\\desktop\\Shoppingmall\\server\\app\\public\\avatar\\157827076067410a67h-8_i8c7hfb5e089cfa3eb6752034d59c51.png"
name: "ENOENTError"
pid: 8528
hostname: stu006

2020-01-06 08:33:06,642 ERROR 8528 [-/127.0.0.1/-/6ms POST /v1/saveUser] nodejs.ENOENTError: ENOENT: no such file or directory, open 'D:\desktop\Shoppingmall\server\app\public\avatar\157827078663710a67h-8_i8c7hfb5e089cfa3eb6752034d59c51.png'
ENOENTError: ENOENT: no such file or directory, open 'D:\desktop\Shoppingmall\server\app\public\avatar\157827078663710a67h-8_i8c7hfb5e089cfa3eb6752034d59c51.png'
errno: -4058
code: "ENOENT"
syscall: "open"
path: "D:\\desktop\\Shoppingmall\\server\\app\\public\\avatar\\157827078663710a67h-8_i8c7hfb5e089cfa3eb6752034d59c51.png"
name: "ENOENTError"
pid: 8528
hostname: stu006

2020-01-06 08:33:24,723 ERROR 8528 [-/127.0.0.1/-/5ms POST /v1/saveUser] nodejs.ENOENTError: ENOENT: no such file or directory, open 'D:\desktop\Shoppingmall\server\app\public\avatar\157827080472210a67h-8_i8c7hfb5e089cfa3eb6752034d59c51.png'
ENOENTError: ENOENT: no such file or directory, open 'D:\desktop\Shoppingmall\server\app\public\avatar\157827080472210a67h-8_i8c7hfb5e089cfa3eb6752034d59c51.png'
errno: -4058
code: "ENOENT"
syscall: "open"
path: "D:\\desktop\\Shoppingmall\\server\\app\\public\\avatar\\157827080472210a67h-8_i8c7hfb5e089cfa3eb6752034d59c51.png"
name: "ENOENTError"
pid: 8528
hostname: stu006

2020-01-06 08:33:34,381 ERROR 8528 [-/127.0.0.1/-/6ms POST /v1/saveUser] nodejs.ENOENTError: ENOENT: no such file or directory, open 'D:\desktop\Shoppingmall\server\app\public\avatar\157827081437910a67h-8_i8c7hfb5e089cfa3eb6752034d59c51.png'
ENOENTError: ENOENT: no such file or directory, open 'D:\desktop\Shoppingmall\server\app\public\avatar\157827081437910a67h-8_i8c7hfb5e089cfa3eb6752034d59c51.png'
errno: -4058
code: "ENOENT"
syscall: "open"
path: "D:\\desktop\\Shoppingmall\\server\\app\\public\\avatar\\157827081437910a67h-8_i8c7hfb5e089cfa3eb6752034d59c51.png"
name: "ENOENTError"
pid: 8528
hostname: stu006

2020-01-07 15:29:39,120 ERROR 8240 [-/127.0.0.1/-/20ms POST /v1/deleteShop] nodejs.CastError: Cast to string failed for value "{}" at path "cid" for model "ShopList"
    at new CastError (D:\desktop\Shoppingmall\server\node_modules\_mongoose@5.8.3@mongoose\lib\error\cast.js:39:11)
    at SchemaString.cast (D:\desktop\Shoppingmall\server\node_modules\_mongoose@5.8.3@mongoose\lib\schema\string.js:583:11)
    at SchemaString.SchemaType.applySetters (D:\desktop\Shoppingmall\server\node_modules\_mongoose@5.8.3@mongoose\lib\schematype.js:975:12)
    at SchemaString.SchemaType._castForQuery (D:\desktop\Shoppingmall\server\node_modules\_mongoose@5.8.3@mongoose\lib\schematype.js:1389:15)
    at SchemaString.castForQuery (D:\desktop\Shoppingmall\server\node_modules\_mongoose@5.8.3@mongoose\lib\schema\string.js:645:15)
    at SchemaString.SchemaType.castForQueryWrapper (D:\desktop\Shoppingmall\server\node_modules\_mongoose@5.8.3@mongoose\lib\schematype.js:1358:15)
    at cast (D:\desktop\Shoppingmall\server\node_modules\_mongoose@5.8.3@mongoose\lib\cast.js:260:34)
    at model.Query.Query.cast (D:\desktop\Shoppingmall\server\node_modules\_mongoose@5.8.3@mongoose\lib\query.js:4698:12)
    at model.Query.Query._castConditions (D:\desktop\Shoppingmall\server\node_modules\_mongoose@5.8.3@mongoose\lib\query.js:1876:10)
    at model.Query.<anonymous> (D:\desktop\Shoppingmall\server\node_modules\_mongoose@5.8.3@mongoose\lib\query.js:2826:8)
    at model.Query._wrappedThunk [as _deleteMany] (D:\desktop\Shoppingmall\server\node_modules\_mongoose@5.8.3@mongoose\lib\helpers\query\wrapThunk.js:16:8)
    at D:\desktop\Shoppingmall\server\node_modules\_kareem@2.3.1@kareem\index.js:369:33
    at processTicksAndRejections (internal/process/task_queues.js:75:11)
stringValue: "\"{}\""
kind: "string"
value: {}
path: "cid"
reason: null
message: "Cast to string failed for value \"{}\" at path \"cid\" for model \"ShopList\""
name: "CastError"
model: undefined
pid: 8240
hostname: stu006

2020-01-07 15:29:39,159 ERROR 8240 [-/127.0.0.1/-/1ms POST /v1/deleteShop] nodejs.CastError: Cast to string failed for value "{}" at path "cid" for model "ShopList"
    at new CastError (D:\desktop\Shoppingmall\server\node_modules\_mongoose@5.8.3@mongoose\lib\error\cast.js:39:11)
    at SchemaString.cast (D:\desktop\Shoppingmall\server\node_modules\_mongoose@5.8.3@mongoose\lib\schema\string.js:583:11)
    at SchemaString.SchemaType.applySetters (D:\desktop\Shoppingmall\server\node_modules\_mongoose@5.8.3@mongoose\lib\schematype.js:975:12)
    at SchemaString.SchemaType._castForQuery (D:\desktop\Shoppingmall\server\node_modules\_mongoose@5.8.3@mongoose\lib\schematype.js:1389:15)
    at SchemaString.castForQuery (D:\desktop\Shoppingmall\server\node_modules\_mongoose@5.8.3@mongoose\lib\schema\string.js:645:15)
    at SchemaString.SchemaType.castForQueryWrapper (D:\desktop\Shoppingmall\server\node_modules\_mongoose@5.8.3@mongoose\lib\schematype.js:1358:15)
    at cast (D:\desktop\Shoppingmall\server\node_modules\_mongoose@5.8.3@mongoose\lib\cast.js:260:34)
    at model.Query.Query.cast (D:\desktop\Shoppingmall\server\node_modules\_mongoose@5.8.3@mongoose\lib\query.js:4698:12)
    at model.Query.Query._castConditions (D:\desktop\Shoppingmall\server\node_modules\_mongoose@5.8.3@mongoose\lib\query.js:1876:10)
    at model.Query.<anonymous> (D:\desktop\Shoppingmall\server\node_modules\_mongoose@5.8.3@mongoose\lib\query.js:2826:8)
    at model.Query._wrappedThunk [as _deleteMany] (D:\desktop\Shoppingmall\server\node_modules\_mongoose@5.8.3@mongoose\lib\helpers\query\wrapThunk.js:16:8)
    at D:\desktop\Shoppingmall\server\node_modules\_kareem@2.3.1@kareem\index.js:369:33
    at processTicksAndRejections (internal/process/task_queues.js:75:11)
stringValue: "\"{}\""
kind: "string"
value: {}
path: "cid"
reason: null
message: "Cast to string failed for value \"{}\" at path \"cid\" for model \"ShopList\""
name: "CastError"
model: undefined
pid: 8240
hostname: stu006

2020-01-07 15:29:39,181 ERROR 8240 [-/127.0.0.1/-/1ms POST /v1/deleteShop] nodejs.CastError: Cast to string failed for value "{}" at path "cid" for model "ShopList"
    at new CastError (D:\desktop\Shoppingmall\server\node_modules\_mongoose@5.8.3@mongoose\lib\error\cast.js:39:11)
    at SchemaString.cast (D:\desktop\Shoppingmall\server\node_modules\_mongoose@5.8.3@mongoose\lib\schema\string.js:583:11)
    at SchemaString.SchemaType.applySetters (D:\desktop\Shoppingmall\server\node_modules\_mongoose@5.8.3@mongoose\lib\schematype.js:975:12)
    at SchemaString.SchemaType._castForQuery (D:\desktop\Shoppingmall\server\node_modules\_mongoose@5.8.3@mongoose\lib\schematype.js:1389:15)
    at SchemaString.castForQuery (D:\desktop\Shoppingmall\server\node_modules\_mongoose@5.8.3@mongoose\lib\schema\string.js:645:15)
    at SchemaString.SchemaType.castForQueryWrapper (D:\desktop\Shoppingmall\server\node_modules\_mongoose@5.8.3@mongoose\lib\schematype.js:1358:15)
    at cast (D:\desktop\Shoppingmall\server\node_modules\_mongoose@5.8.3@mongoose\lib\cast.js:260:34)
    at model.Query.Query.cast (D:\desktop\Shoppingmall\server\node_modules\_mongoose@5.8.3@mongoose\lib\query.js:4698:12)
    at model.Query.Query._castConditions (D:\desktop\Shoppingmall\server\node_modules\_mongoose@5.8.3@mongoose\lib\query.js:1876:10)
    at model.Query.<anonymous> (D:\desktop\Shoppingmall\server\node_modules\_mongoose@5.8.3@mongoose\lib\query.js:2826:8)
    at model.Query._wrappedThunk [as _deleteMany] (D:\desktop\Shoppingmall\server\node_modules\_mongoose@5.8.3@mongoose\lib\helpers\query\wrapThunk.js:16:8)
    at D:\desktop\Shoppingmall\server\node_modules\_kareem@2.3.1@kareem\index.js:369:33
    at processTicksAndRejections (internal/process/task_queues.js:75:11)
stringValue: "\"{}\""
kind: "string"
value: {}
path: "cid"
reason: null
message: "Cast to string failed for value \"{}\" at path \"cid\" for model \"ShopList\""
name: "CastError"
model: undefined
pid: 8240
hostname: stu006

2020-01-07 15:29:39,187 ERROR 8240 [-/127.0.0.1/-/1ms POST /v1/deleteShop] nodejs.CastError: Cast to string failed for value "{}" at path "cid" for model "ShopList"
    at new CastError (D:\desktop\Shoppingmall\server\node_modules\_mongoose@5.8.3@mongoose\lib\error\cast.js:39:11)
    at SchemaString.cast (D:\desktop\Shoppingmall\server\node_modules\_mongoose@5.8.3@mongoose\lib\schema\string.js:583:11)
    at SchemaString.SchemaType.applySetters (D:\desktop\Shoppingmall\server\node_modules\_mongoose@5.8.3@mongoose\lib\schematype.js:975:12)
    at SchemaString.SchemaType._castForQuery (D:\desktop\Shoppingmall\server\node_modules\_mongoose@5.8.3@mongoose\lib\schematype.js:1389:15)
    at SchemaString.castForQuery (D:\desktop\Shoppingmall\server\node_modules\_mongoose@5.8.3@mongoose\lib\schema\string.js:645:15)
    at SchemaString.SchemaType.castForQueryWrapper (D:\desktop\Shoppingmall\server\node_modules\_mongoose@5.8.3@mongoose\lib\schematype.js:1358:15)
    at cast (D:\desktop\Shoppingmall\server\node_modules\_mongoose@5.8.3@mongoose\lib\cast.js:260:34)
    at model.Query.Query.cast (D:\desktop\Shoppingmall\server\node_modules\_mongoose@5.8.3@mongoose\lib\query.js:4698:12)
    at model.Query.Query._castConditions (D:\desktop\Shoppingmall\server\node_modules\_mongoose@5.8.3@mongoose\lib\query.js:1876:10)
    at model.Query.<anonymous> (D:\desktop\Shoppingmall\server\node_modules\_mongoose@5.8.3@mongoose\lib\query.js:2826:8)
    at model.Query._wrappedThunk [as _deleteMany] (D:\desktop\Shoppingmall\server\node_modules\_mongoose@5.8.3@mongoose\lib\helpers\query\wrapThunk.js:16:8)
    at D:\desktop\Shoppingmall\server\node_modules\_kareem@2.3.1@kareem\index.js:369:33
    at processTicksAndRejections (internal/process/task_queues.js:75:11)
stringValue: "\"{}\""
kind: "string"
value: {}
path: "cid"
reason: null
message: "Cast to string failed for value \"{}\" at path \"cid\" for model \"ShopList\""
name: "CastError"
model: undefined
pid: 8240
hostname: stu006

2020-01-07 15:29:39,207 ERROR 8240 [-/127.0.0.1/-/0ms POST /v1/deleteShop] nodejs.CastError: Cast to string failed for value "{}" at path "cid" for model "ShopList"
    at new CastError (D:\desktop\Shoppingmall\server\node_modules\_mongoose@5.8.3@mongoose\lib\error\cast.js:39:11)
    at SchemaString.cast (D:\desktop\Shoppingmall\server\node_modules\_mongoose@5.8.3@mongoose\lib\schema\string.js:583:11)
    at SchemaString.SchemaType.applySetters (D:\desktop\Shoppingmall\server\node_modules\_mongoose@5.8.3@mongoose\lib\schematype.js:975:12)
    at SchemaString.SchemaType._castForQuery (D:\desktop\Shoppingmall\server\node_modules\_mongoose@5.8.3@mongoose\lib\schematype.js:1389:15)
    at SchemaString.castForQuery (D:\desktop\Shoppingmall\server\node_modules\_mongoose@5.8.3@mongoose\lib\schema\string.js:645:15)
    at SchemaString.SchemaType.castForQueryWrapper (D:\desktop\Shoppingmall\server\node_modules\_mongoose@5.8.3@mongoose\lib\schematype.js:1358:15)
    at cast (D:\desktop\Shoppingmall\server\node_modules\_mongoose@5.8.3@mongoose\lib\cast.js:260:34)
    at model.Query.Query.cast (D:\desktop\Shoppingmall\server\node_modules\_mongoose@5.8.3@mongoose\lib\query.js:4698:12)
    at model.Query.Query._castConditions (D:\desktop\Shoppingmall\server\node_modules\_mongoose@5.8.3@mongoose\lib\query.js:1876:10)
    at model.Query.<anonymous> (D:\desktop\Shoppingmall\server\node_modules\_mongoose@5.8.3@mongoose\lib\query.js:2826:8)
    at model.Query._wrappedThunk [as _deleteMany] (D:\desktop\Shoppingmall\server\node_modules\_mongoose@5.8.3@mongoose\lib\helpers\query\wrapThunk.js:16:8)
    at D:\desktop\Shoppingmall\server\node_modules\_kareem@2.3.1@kareem\index.js:369:33
    at processTicksAndRejections (internal/process/task_queues.js:75:11)
stringValue: "\"{}\""
kind: "string"
value: {}
path: "cid"
reason: null
message: "Cast to string failed for value \"{}\" at path \"cid\" for model \"ShopList\""
name: "CastError"
model: undefined
pid: 8240
hostname: stu006

2020-01-07 15:29:39,218 ERROR 8240 [-/127.0.0.1/-/1ms POST /v1/deleteShop] nodejs.CastError: Cast to string failed for value "{}" at path "cid" for model "ShopList"
    at new CastError (D:\desktop\Shoppingmall\server\node_modules\_mongoose@5.8.3@mongoose\lib\error\cast.js:39:11)
    at SchemaString.cast (D:\desktop\Shoppingmall\server\node_modules\_mongoose@5.8.3@mongoose\lib\schema\string.js:583:11)
    at SchemaString.SchemaType.applySetters (D:\desktop\Shoppingmall\server\node_modules\_mongoose@5.8.3@mongoose\lib\schematype.js:975:12)
    at SchemaString.SchemaType._castForQuery (D:\desktop\Shoppingmall\server\node_modules\_mongoose@5.8.3@mongoose\lib\schematype.js:1389:15)
    at SchemaString.castForQuery (D:\desktop\Shoppingmall\server\node_modules\_mongoose@5.8.3@mongoose\lib\schema\string.js:645:15)
    at SchemaString.SchemaType.castForQueryWrapper (D:\desktop\Shoppingmall\server\node_modules\_mongoose@5.8.3@mongoose\lib\schematype.js:1358:15)
    at cast (D:\desktop\Shoppingmall\server\node_modules\_mongoose@5.8.3@mongoose\lib\cast.js:260:34)
    at model.Query.Query.cast (D:\desktop\Shoppingmall\server\node_modules\_mongoose@5.8.3@mongoose\lib\query.js:4698:12)
    at model.Query.Query._castConditions (D:\desktop\Shoppingmall\server\node_modules\_mongoose@5.8.3@mongoose\lib\query.js:1876:10)
    at model.Query.<anonymous> (D:\desktop\Shoppingmall\server\node_modules\_mongoose@5.8.3@mongoose\lib\query.js:2826:8)
    at model.Query._wrappedThunk [as _deleteMany] (D:\desktop\Shoppingmall\server\node_modules\_mongoose@5.8.3@mongoose\lib\helpers\query\wrapThunk.js:16:8)
    at D:\desktop\Shoppingmall\server\node_modules\_kareem@2.3.1@kareem\index.js:369:33
    at processTicksAndRejections (internal/process/task_queues.js:75:11)
stringValue: "\"{}\""
kind: "string"
value: {}
path: "cid"
reason: null
message: "Cast to string failed for value \"{}\" at path \"cid\" for model \"ShopList\""
name: "CastError"
model: undefined
pid: 8240
hostname: stu006

2020-01-07 15:29:39,464 ERROR 8240 [-/127.0.0.1/-/2ms POST /v1/deleteShop] nodejs.CastError: Cast to string failed for value "{}" at path "cid" for model "ShopList"
    at new CastError (D:\desktop\Shoppingmall\server\node_modules\_mongoose@5.8.3@mongoose\lib\error\cast.js:39:11)
    at SchemaString.cast (D:\desktop\Shoppingmall\server\node_modules\_mongoose@5.8.3@mongoose\lib\schema\string.js:583:11)
    at SchemaString.SchemaType.applySetters (D:\desktop\Shoppingmall\server\node_modules\_mongoose@5.8.3@mongoose\lib\schematype.js:975:12)
    at SchemaString.SchemaType._castForQuery (D:\desktop\Shoppingmall\server\node_modules\_mongoose@5.8.3@mongoose\lib\schematype.js:1389:15)
    at SchemaString.castForQuery (D:\desktop\Shoppingmall\server\node_modules\_mongoose@5.8.3@mongoose\lib\schema\string.js:645:15)
    at SchemaString.SchemaType.castForQueryWrapper (D:\desktop\Shoppingmall\server\node_modules\_mongoose@5.8.3@mongoose\lib\schematype.js:1358:15)
    at cast (D:\desktop\Shoppingmall\server\node_modules\_mongoose@5.8.3@mongoose\lib\cast.js:260:34)
    at model.Query.Query.cast (D:\desktop\Shoppingmall\server\node_modules\_mongoose@5.8.3@mongoose\lib\query.js:4698:12)
    at model.Query.Query._castConditions (D:\desktop\Shoppingmall\server\node_modules\_mongoose@5.8.3@mongoose\lib\query.js:1876:10)
    at model.Query.<anonymous> (D:\desktop\Shoppingmall\server\node_modules\_mongoose@5.8.3@mongoose\lib\query.js:2826:8)
    at model.Query._wrappedThunk [as _deleteMany] (D:\desktop\Shoppingmall\server\node_modules\_mongoose@5.8.3@mongoose\lib\helpers\query\wrapThunk.js:16:8)
    at D:\desktop\Shoppingmall\server\node_modules\_kareem@2.3.1@kareem\index.js:369:33
    at processTicksAndRejections (internal/process/task_queues.js:75:11)
stringValue: "\"{}\""
kind: "string"
value: {}
path: "cid"
reason: null
message: "Cast to string failed for value \"{}\" at path \"cid\" for model \"ShopList\""
name: "CastError"
model: undefined
pid: 8240
hostname: stu006

2020-01-07 15:29:55,735 ERROR 8240 [-/127.0.0.1/-/5ms POST /v1/deleteShop] nodejs.CastError: Cast to string failed for value "{
  '0': '6694401a30a940f6ae437d541b7fd26d',
  '1': '66074cd2d8464dcc9b2d7fbef5b417d9',
  '2': '4cf7744443f94557b7c6ad37dca9c4db',
  '3': '4ae4e2e2c1df45308be5011a97aae537',
  '4': '418fc60784d04e71beffe1ce5174c947',
  '5': '24afea564e5248b5a2bc59da95f09911',
  '6': '238bc2e023844769a6b67d9a4c04b2ea'
}" at path "cid" for model "ShopList"
  '0': '6694401a30a940f6ae437d541b7fd26d',
  '1': '66074cd2d8464dcc9b2d7fbef5b417d9',
  '2': '4cf7744443f94557b7c6ad37dca9c4db',
  '3': '4ae4e2e2c1df45308be5011a97aae537',
  '4': '418fc60784d04e71beffe1ce5174c947',
  '5': '24afea564e5248b5a2bc59da95f09911',
  '6': '238bc2e023844769a6b67d9a4c04b2ea'
}" at path "cid" for model "ShopList"
    at new CastError (D:\desktop\Shoppingmall\server\node_modules\_mongoose@5.8.3@mongoose\lib\error\cast.js:39:11)
    at SchemaString.cast (D:\desktop\Shoppingmall\server\node_modules\_mongoose@5.8.3@mongoose\lib\schema\string.js:583:11)
    at SchemaString.SchemaType.applySetters (D:\desktop\Shoppingmall\server\node_modules\_mongoose@5.8.3@mongoose\lib\schematype.js:975:12)
    at SchemaString.SchemaType._castForQuery (D:\desktop\Shoppingmall\server\node_modules\_mongoose@5.8.3@mongoose\lib\schematype.js:1389:15)
    at SchemaString.castForQuery (D:\desktop\Shoppingmall\server\node_modules\_mongoose@5.8.3@mongoose\lib\schema\string.js:645:15)
    at SchemaString.SchemaType.castForQueryWrapper (D:\desktop\Shoppingmall\server\node_modules\_mongoose@5.8.3@mongoose\lib\schematype.js:1358:15)
    at cast (D:\desktop\Shoppingmall\server\node_modules\_mongoose@5.8.3@mongoose\lib\cast.js:260:34)
    at model.Query.Query.cast (D:\desktop\Shoppingmall\server\node_modules\_mongoose@5.8.3@mongoose\lib\query.js:4698:12)
    at model.Query.Query._castConditions (D:\desktop\Shoppingmall\server\node_modules\_mongoose@5.8.3@mongoose\lib\query.js:1876:10)
    at model.Query.<anonymous> (D:\desktop\Shoppingmall\server\node_modules\_mongoose@5.8.3@mongoose\lib\query.js:2826:8)
    at model.Query._wrappedThunk [as _deleteMany] (D:\desktop\Shoppingmall\server\node_modules\_mongoose@5.8.3@mongoose\lib\helpers\query\wrapThunk.js:16:8)
    at D:\desktop\Shoppingmall\server\node_modules\_kareem@2.3.1@kareem\index.js:369:33
    at processTicksAndRejections (internal/process/task_queues.js:75:11)
stringValue: "\"{\n  '0': '6694401a30a940f6ae437d541b7fd26d',\n  '1': '66074cd2d8464dcc9b2d7fbef5b417d9',\n  '2': '4cf7744443f94557b7c6ad37dca9c4db',\n  '3': '4ae4e2e2c1df45308be5011a97aae537',\n  '4': '418fc60784d04e71beffe1ce5174c947',\n  '5': '24afea564e5248b5a2bc59da95f09911',\n  '6': '238bc2e023844769a6b67d9a4c04b2ea'\n}\""
kind: "string"
value: {"0":"6694401a30a940f6ae437d541b7fd26d","1":"66074cd2d8464dcc9b2d7fbef5b417d9","2":"4cf7744443f94557b7c6ad37dca9c4db","3":"4ae4e2e2c1df45308be5011a97aae537","4":"418fc60784d04e71beffe1ce5174c947","5":"24afea564e5248b5a2bc59da95f09911","6":"238bc2e023844769a6b67d9a4c04b2ea"}
path: "cid"
reason: null
message: "Cast to string failed for value \"{\n  '0': '6694401a30a940f6ae437d541b7fd26d',\n  '1': '66074cd2d8464dcc9b2d7fbef5b417d9',\n  '2': '4cf7744443f94557b7c6ad37dca9c4db',\n  '3': '4ae4e2e2c1df45308be5011a97aae537',\n  '4': '418fc60784d04e71beffe1ce5174c947',\n  '5': '24afea564e5248b5a2bc59da95f09911',\n  '6': '238bc2e023844769a6b67d9a4c04b2ea'\n}\" at path \"cid\" for model \"ShopList\""
name: "CastError"
model: undefined
pid: 8240
hostname: stu006

2020-01-07 15:30:25,574 ERROR 8240 [-/127.0.0.1/-/1ms POST /v1/deleteShop] nodejs.CastError: Cast to string failed for value "{
  '0': '6694401a30a940f6ae437d541b7fd26d',
  '1': '66074cd2d8464dcc9b2d7fbef5b417d9',
  '2': '4cf7744443f94557b7c6ad37dca9c4db',
  '3': '4ae4e2e2c1df45308be5011a97aae537',
  '4': '418fc60784d04e71beffe1ce5174c947',
  '5': '24afea564e5248b5a2bc59da95f09911',
  '6': '238bc2e023844769a6b67d9a4c04b2ea'
}" at path "cid" for model "ShopList"
  '0': '6694401a30a940f6ae437d541b7fd26d',
  '1': '66074cd2d8464dcc9b2d7fbef5b417d9',
  '2': '4cf7744443f94557b7c6ad37dca9c4db',
  '3': '4ae4e2e2c1df45308be5011a97aae537',
  '4': '418fc60784d04e71beffe1ce5174c947',
  '5': '24afea564e5248b5a2bc59da95f09911',
  '6': '238bc2e023844769a6b67d9a4c04b2ea'
}" at path "cid" for model "ShopList"
    at new CastError (D:\desktop\Shoppingmall\server\node_modules\_mongoose@5.8.3@mongoose\lib\error\cast.js:39:11)
    at SchemaString.cast (D:\desktop\Shoppingmall\server\node_modules\_mongoose@5.8.3@mongoose\lib\schema\string.js:583:11)
    at SchemaString.SchemaType.applySetters (D:\desktop\Shoppingmall\server\node_modules\_mongoose@5.8.3@mongoose\lib\schematype.js:975:12)
    at SchemaString.SchemaType._castForQuery (D:\desktop\Shoppingmall\server\node_modules\_mongoose@5.8.3@mongoose\lib\schematype.js:1389:15)
    at SchemaString.castForQuery (D:\desktop\Shoppingmall\server\node_modules\_mongoose@5.8.3@mongoose\lib\schema\string.js:645:15)
    at SchemaString.SchemaType.castForQueryWrapper (D:\desktop\Shoppingmall\server\node_modules\_mongoose@5.8.3@mongoose\lib\schematype.js:1358:15)
    at cast (D:\desktop\Shoppingmall\server\node_modules\_mongoose@5.8.3@mongoose\lib\cast.js:260:34)
    at model.Query.Query.cast (D:\desktop\Shoppingmall\server\node_modules\_mongoose@5.8.3@mongoose\lib\query.js:4698:12)
    at model.Query.Query._castConditions (D:\desktop\Shoppingmall\server\node_modules\_mongoose@5.8.3@mongoose\lib\query.js:1876:10)
    at model.Query.<anonymous> (D:\desktop\Shoppingmall\server\node_modules\_mongoose@5.8.3@mongoose\lib\query.js:2826:8)
    at model.Query._wrappedThunk [as _deleteMany] (D:\desktop\Shoppingmall\server\node_modules\_mongoose@5.8.3@mongoose\lib\helpers\query\wrapThunk.js:16:8)
    at D:\desktop\Shoppingmall\server\node_modules\_kareem@2.3.1@kareem\index.js:369:33
    at processTicksAndRejections (internal/process/task_queues.js:75:11)
stringValue: "\"{\n  '0': '6694401a30a940f6ae437d541b7fd26d',\n  '1': '66074cd2d8464dcc9b2d7fbef5b417d9',\n  '2': '4cf7744443f94557b7c6ad37dca9c4db',\n  '3': '4ae4e2e2c1df45308be5011a97aae537',\n  '4': '418fc60784d04e71beffe1ce5174c947',\n  '5': '24afea564e5248b5a2bc59da95f09911',\n  '6': '238bc2e023844769a6b67d9a4c04b2ea'\n}\""
kind: "string"
value: {"0":"6694401a30a940f6ae437d541b7fd26d","1":"66074cd2d8464dcc9b2d7fbef5b417d9","2":"4cf7744443f94557b7c6ad37dca9c4db","3":"4ae4e2e2c1df45308be5011a97aae537","4":"418fc60784d04e71beffe1ce5174c947","5":"24afea564e5248b5a2bc59da95f09911","6":"238bc2e023844769a6b67d9a4c04b2ea"}
path: "cid"
reason: null
message: "Cast to string failed for value \"{\n  '0': '6694401a30a940f6ae437d541b7fd26d',\n  '1': '66074cd2d8464dcc9b2d7fbef5b417d9',\n  '2': '4cf7744443f94557b7c6ad37dca9c4db',\n  '3': '4ae4e2e2c1df45308be5011a97aae537',\n  '4': '418fc60784d04e71beffe1ce5174c947',\n  '5': '24afea564e5248b5a2bc59da95f09911',\n  '6': '238bc2e023844769a6b67d9a4c04b2ea'\n}\" at path \"cid\" for model \"ShopList\""
name: "CastError"
model: undefined
pid: 8240
hostname: stu006

2020-01-07 15:30:48,232 ERROR 8240 [-/127.0.0.1/-/1ms POST /v1/deleteShop] nodejs.CastError: Cast to string failed for value "{
  '0': '6694401a30a940f6ae437d541b7fd26d',
  '1': '66074cd2d8464dcc9b2d7fbef5b417d9',
  '2': '4cf7744443f94557b7c6ad37dca9c4db',
  '3': '4ae4e2e2c1df45308be5011a97aae537',
  '4': '418fc60784d04e71beffe1ce5174c947',
  '5': '24afea564e5248b5a2bc59da95f09911',
  '6': '238bc2e023844769a6b67d9a4c04b2ea'
}" at path "cid" for model "ShopList"
  '0': '6694401a30a940f6ae437d541b7fd26d',
  '1': '66074cd2d8464dcc9b2d7fbef5b417d9',
  '2': '4cf7744443f94557b7c6ad37dca9c4db',
  '3': '4ae4e2e2c1df45308be5011a97aae537',
  '4': '418fc60784d04e71beffe1ce5174c947',
  '5': '24afea564e5248b5a2bc59da95f09911',
  '6': '238bc2e023844769a6b67d9a4c04b2ea'
}" at path "cid" for model "ShopList"
    at new CastError (D:\desktop\Shoppingmall\server\node_modules\_mongoose@5.8.3@mongoose\lib\error\cast.js:39:11)
    at SchemaString.cast (D:\desktop\Shoppingmall\server\node_modules\_mongoose@5.8.3@mongoose\lib\schema\string.js:583:11)
    at SchemaString.SchemaType.applySetters (D:\desktop\Shoppingmall\server\node_modules\_mongoose@5.8.3@mongoose\lib\schematype.js:975:12)
    at SchemaString.SchemaType._castForQuery (D:\desktop\Shoppingmall\server\node_modules\_mongoose@5.8.3@mongoose\lib\schematype.js:1389:15)
    at SchemaString.castForQuery (D:\desktop\Shoppingmall\server\node_modules\_mongoose@5.8.3@mongoose\lib\schema\string.js:645:15)
    at SchemaString.SchemaType.castForQueryWrapper (D:\desktop\Shoppingmall\server\node_modules\_mongoose@5.8.3@mongoose\lib\schematype.js:1358:15)
    at cast (D:\desktop\Shoppingmall\server\node_modules\_mongoose@5.8.3@mongoose\lib\cast.js:260:34)
    at model.Query.Query.cast (D:\desktop\Shoppingmall\server\node_modules\_mongoose@5.8.3@mongoose\lib\query.js:4698:12)
    at model.Query.Query._castConditions (D:\desktop\Shoppingmall\server\node_modules\_mongoose@5.8.3@mongoose\lib\query.js:1876:10)
    at model.Query.<anonymous> (D:\desktop\Shoppingmall\server\node_modules\_mongoose@5.8.3@mongoose\lib\query.js:2826:8)
    at model.Query._wrappedThunk [as _deleteMany] (D:\desktop\Shoppingmall\server\node_modules\_mongoose@5.8.3@mongoose\lib\helpers\query\wrapThunk.js:16:8)
    at D:\desktop\Shoppingmall\server\node_modules\_kareem@2.3.1@kareem\index.js:369:33
    at processTicksAndRejections (internal/process/task_queues.js:75:11)
stringValue: "\"{\n  '0': '6694401a30a940f6ae437d541b7fd26d',\n  '1': '66074cd2d8464dcc9b2d7fbef5b417d9',\n  '2': '4cf7744443f94557b7c6ad37dca9c4db',\n  '3': '4ae4e2e2c1df45308be5011a97aae537',\n  '4': '418fc60784d04e71beffe1ce5174c947',\n  '5': '24afea564e5248b5a2bc59da95f09911',\n  '6': '238bc2e023844769a6b67d9a4c04b2ea'\n}\""
kind: "string"
value: {"0":"6694401a30a940f6ae437d541b7fd26d","1":"66074cd2d8464dcc9b2d7fbef5b417d9","2":"4cf7744443f94557b7c6ad37dca9c4db","3":"4ae4e2e2c1df45308be5011a97aae537","4":"418fc60784d04e71beffe1ce5174c947","5":"24afea564e5248b5a2bc59da95f09911","6":"238bc2e023844769a6b67d9a4c04b2ea"}
path: "cid"
reason: null
message: "Cast to string failed for value \"{\n  '0': '6694401a30a940f6ae437d541b7fd26d',\n  '1': '66074cd2d8464dcc9b2d7fbef5b417d9',\n  '2': '4cf7744443f94557b7c6ad37dca9c4db',\n  '3': '4ae4e2e2c1df45308be5011a97aae537',\n  '4': '418fc60784d04e71beffe1ce5174c947',\n  '5': '24afea564e5248b5a2bc59da95f09911',\n  '6': '238bc2e023844769a6b67d9a4c04b2ea'\n}\" at path \"cid\" for model \"ShopList\""
name: "CastError"
model: undefined
pid: 8240
hostname: stu006

2020-01-07 17:37:31,963 ERROR 8240 [-/127.0.0.1/-/21ms POST /v1/order] nodejs.TypeError: Cannot read property 'length' of undefined
    at OperatingGoodsController.order (D:\desktop\Shoppingmall\server\app\controller\api\operatingGoods.js:178:42)
    at Object.callFn (D:\desktop\Shoppingmall\server\node_modules\_egg-core@4.17.4@egg-core\lib\utils\index.js:44:21)
    at Object.classControllerMiddleware (D:\desktop\Shoppingmall\server\node_modules\_egg-core@4.17.4@egg-core\lib\loader\mixin\controller.js:87:20)
    at Object.callFn (D:\desktop\Shoppingmall\server\node_modules\_@eggjs_router@2.0.0@@eggjs\router\lib\utils.js:12:21)
    at wrappedController (D:\desktop\Shoppingmall\server\node_modules\_@eggjs_router@2.0.0@@eggjs\router\lib\egg_router.js:322:18)
    at dispatch (D:\desktop\Shoppingmall\server\node_modules\_koa-compose@3.2.1@koa-compose\index.js:44:32)
    at next (D:\desktop\Shoppingmall\server\node_modules\_koa-compose@3.2.1@koa-compose\index.js:45:18)
    at D:\desktop\Shoppingmall\server\node_modules\_@eggjs_router@2.0.0@@eggjs\router\lib\router.js:190:18
    at dispatch (D:\desktop\Shoppingmall\server\node_modules\_koa-compose@3.2.1@koa-compose\index.js:44:32)
    at D:\desktop\Shoppingmall\server\node_modules\_koa-compose@3.2.1@koa-compose\index.js:36:12
    at dispatch (D:\desktop\Shoppingmall\server\node_modules\_@eggjs_router@2.0.0@@eggjs\router\lib\router.js:195:33)
    at dispatch (D:\desktop\Shoppingmall\server\node_modules\_koa-compose@4.1.0@koa-compose\index.js:42:32)
    at D:\desktop\Shoppingmall\server\app\middleware\isLogin.js:15:19
    at dispatch (D:\desktop\Shoppingmall\server\node_modules\_koa-compose@4.1.0@koa-compose\index.js:42:32)
    at D:\desktop\Shoppingmall\server\node_modules\_egg-development@2.4.3@egg-development\app\middleware\egg_loader_trace.js:9:56
    at dispatch (D:\desktop\Shoppingmall\server\node_modules\_koa-compose@4.1.0@koa-compose\index.js:42:32)

pid: 8240
hostname: stu006

2020-01-07 17:38:38,462 ERROR 8240 [-/127.0.0.1/-/1ms POST /v1/order] nodejs.TypeError: Cannot read property 'length' of undefined
    at OperatingGoodsController.order (D:\desktop\Shoppingmall\server\app\controller\api\operatingGoods.js:178:42)
    at Object.callFn (D:\desktop\Shoppingmall\server\node_modules\_egg-core@4.17.4@egg-core\lib\utils\index.js:44:21)
    at Object.classControllerMiddleware (D:\desktop\Shoppingmall\server\node_modules\_egg-core@4.17.4@egg-core\lib\loader\mixin\controller.js:87:20)
    at Object.callFn (D:\desktop\Shoppingmall\server\node_modules\_@eggjs_router@2.0.0@@eggjs\router\lib\utils.js:12:21)
    at wrappedController (D:\desktop\Shoppingmall\server\node_modules\_@eggjs_router@2.0.0@@eggjs\router\lib\egg_router.js:322:18)
    at dispatch (D:\desktop\Shoppingmall\server\node_modules\_koa-compose@3.2.1@koa-compose\index.js:44:32)
    at next (D:\desktop\Shoppingmall\server\node_modules\_koa-compose@3.2.1@koa-compose\index.js:45:18)
    at D:\desktop\Shoppingmall\server\node_modules\_@eggjs_router@2.0.0@@eggjs\router\lib\router.js:190:18
    at dispatch (D:\desktop\Shoppingmall\server\node_modules\_koa-compose@3.2.1@koa-compose\index.js:44:32)
    at D:\desktop\Shoppingmall\server\node_modules\_koa-compose@3.2.1@koa-compose\index.js:36:12
    at dispatch (D:\desktop\Shoppingmall\server\node_modules\_@eggjs_router@2.0.0@@eggjs\router\lib\router.js:195:33)
    at dispatch (D:\desktop\Shoppingmall\server\node_modules\_koa-compose@4.1.0@koa-compose\index.js:42:32)
    at D:\desktop\Shoppingmall\server\app\middleware\isLogin.js:15:19
    at dispatch (D:\desktop\Shoppingmall\server\node_modules\_koa-compose@4.1.0@koa-compose\index.js:42:32)
    at D:\desktop\Shoppingmall\server\node_modules\_egg-development@2.4.3@egg-development\app\middleware\egg_loader_trace.js:9:56
    at dispatch (D:\desktop\Shoppingmall\server\node_modules\_koa-compose@4.1.0@koa-compose\index.js:42:32)

pid: 8240
hostname: stu006

2020-01-07 17:39:11,801 ERROR 8240 [-/127.0.0.1/-/1ms POST /v1/order] nodejs.TypeError: Cannot read property 'length' of undefined
    at OperatingGoodsController.order (D:\desktop\Shoppingmall\server\app\controller\api\operatingGoods.js:178:42)
    at Object.callFn (D:\desktop\Shoppingmall\server\node_modules\_egg-core@4.17.4@egg-core\lib\utils\index.js:44:21)
    at Object.classControllerMiddleware (D:\desktop\Shoppingmall\server\node_modules\_egg-core@4.17.4@egg-core\lib\loader\mixin\controller.js:87:20)
    at Object.callFn (D:\desktop\Shoppingmall\server\node_modules\_@eggjs_router@2.0.0@@eggjs\router\lib\utils.js:12:21)
    at wrappedController (D:\desktop\Shoppingmall\server\node_modules\_@eggjs_router@2.0.0@@eggjs\router\lib\egg_router.js:322:18)
    at dispatch (D:\desktop\Shoppingmall\server\node_modules\_koa-compose@3.2.1@koa-compose\index.js:44:32)
    at next (D:\desktop\Shoppingmall\server\node_modules\_koa-compose@3.2.1@koa-compose\index.js:45:18)
    at D:\desktop\Shoppingmall\server\node_modules\_@eggjs_router@2.0.0@@eggjs\router\lib\router.js:190:18
    at dispatch (D:\desktop\Shoppingmall\server\node_modules\_koa-compose@3.2.1@koa-compose\index.js:44:32)
    at D:\desktop\Shoppingmall\server\node_modules\_koa-compose@3.2.1@koa-compose\index.js:36:12
    at dispatch (D:\desktop\Shoppingmall\server\node_modules\_@eggjs_router@2.0.0@@eggjs\router\lib\router.js:195:33)
    at dispatch (D:\desktop\Shoppingmall\server\node_modules\_koa-compose@4.1.0@koa-compose\index.js:42:32)
    at D:\desktop\Shoppingmall\server\app\middleware\isLogin.js:15:19
    at dispatch (D:\desktop\Shoppingmall\server\node_modules\_koa-compose@4.1.0@koa-compose\index.js:42:32)
    at D:\desktop\Shoppingmall\server\node_modules\_egg-development@2.4.3@egg-development\app\middleware\egg_loader_trace.js:9:56
    at dispatch (D:\desktop\Shoppingmall\server\node_modules\_koa-compose@4.1.0@koa-compose\index.js:42:32)

pid: 8240
hostname: stu006

2020-01-07 17:40:39,988 ERROR 8240 [-/127.0.0.1/-/4ms POST /v1/order] nodejs.TypeError: Cannot read property 'length' of undefined
    at OperatingGoodsController.order (D:\desktop\Shoppingmall\server\app\controller\api\operatingGoods.js:178:42)
    at Object.callFn (D:\desktop\Shoppingmall\server\node_modules\_egg-core@4.17.4@egg-core\lib\utils\index.js:44:21)
    at Object.classControllerMiddleware (D:\desktop\Shoppingmall\server\node_modules\_egg-core@4.17.4@egg-core\lib\loader\mixin\controller.js:87:20)
    at Object.callFn (D:\desktop\Shoppingmall\server\node_modules\_@eggjs_router@2.0.0@@eggjs\router\lib\utils.js:12:21)
    at wrappedController (D:\desktop\Shoppingmall\server\node_modules\_@eggjs_router@2.0.0@@eggjs\router\lib\egg_router.js:322:18)
    at dispatch (D:\desktop\Shoppingmall\server\node_modules\_koa-compose@3.2.1@koa-compose\index.js:44:32)
    at next (D:\desktop\Shoppingmall\server\node_modules\_koa-compose@3.2.1@koa-compose\index.js:45:18)
    at D:\desktop\Shoppingmall\server\node_modules\_@eggjs_router@2.0.0@@eggjs\router\lib\router.js:190:18
    at dispatch (D:\desktop\Shoppingmall\server\node_modules\_koa-compose@3.2.1@koa-compose\index.js:44:32)
    at D:\desktop\Shoppingmall\server\node_modules\_koa-compose@3.2.1@koa-compose\index.js:36:12
    at dispatch (D:\desktop\Shoppingmall\server\node_modules\_@eggjs_router@2.0.0@@eggjs\router\lib\router.js:195:33)
    at dispatch (D:\desktop\Shoppingmall\server\node_modules\_koa-compose@4.1.0@koa-compose\index.js:42:32)
    at D:\desktop\Shoppingmall\server\app\middleware\isLogin.js:15:19
    at dispatch (D:\desktop\Shoppingmall\server\node_modules\_koa-compose@4.1.0@koa-compose\index.js:42:32)
    at D:\desktop\Shoppingmall\server\node_modules\_egg-development@2.4.3@egg-development\app\middleware\egg_loader_trace.js:9:56
    at dispatch (D:\desktop\Shoppingmall\server\node_modules\_koa-compose@4.1.0@koa-compose\index.js:42:32)

pid: 8240
hostname: stu006

2020-01-07 17:41:18,891 ERROR 8240 [-/127.0.0.1/-/1ms POST /v1/order] nodejs.TypeError: Cannot read property 'length' of undefined
    at OperatingGoodsController.order (D:\desktop\Shoppingmall\server\app\controller\api\operatingGoods.js:178:42)
    at Object.callFn (D:\desktop\Shoppingmall\server\node_modules\_egg-core@4.17.4@egg-core\lib\utils\index.js:44:21)
    at Object.classControllerMiddleware (D:\desktop\Shoppingmall\server\node_modules\_egg-core@4.17.4@egg-core\lib\loader\mixin\controller.js:87:20)
    at Object.callFn (D:\desktop\Shoppingmall\server\node_modules\_@eggjs_router@2.0.0@@eggjs\router\lib\utils.js:12:21)
    at wrappedController (D:\desktop\Shoppingmall\server\node_modules\_@eggjs_router@2.0.0@@eggjs\router\lib\egg_router.js:322:18)
    at dispatch (D:\desktop\Shoppingmall\server\node_modules\_koa-compose@3.2.1@koa-compose\index.js:44:32)
    at next (D:\desktop\Shoppingmall\server\node_modules\_koa-compose@3.2.1@koa-compose\index.js:45:18)
    at D:\desktop\Shoppingmall\server\node_modules\_@eggjs_router@2.0.0@@eggjs\router\lib\router.js:190:18
    at dispatch (D:\desktop\Shoppingmall\server\node_modules\_koa-compose@3.2.1@koa-compose\index.js:44:32)
    at D:\desktop\Shoppingmall\server\node_modules\_koa-compose@3.2.1@koa-compose\index.js:36:12
    at dispatch (D:\desktop\Shoppingmall\server\node_modules\_@eggjs_router@2.0.0@@eggjs\router\lib\router.js:195:33)
    at dispatch (D:\desktop\Shoppingmall\server\node_modules\_koa-compose@4.1.0@koa-compose\index.js:42:32)
    at D:\desktop\Shoppingmall\server\app\middleware\isLogin.js:15:19
    at dispatch (D:\desktop\Shoppingmall\server\node_modules\_koa-compose@4.1.0@koa-compose\index.js:42:32)
    at D:\desktop\Shoppingmall\server\node_modules\_egg-development@2.4.3@egg-development\app\middleware\egg_loader_trace.js:9:56
    at dispatch (D:\desktop\Shoppingmall\server\node_modules\_koa-compose@4.1.0@koa-compose\index.js:42:32)

pid: 8240
hostname: stu006

2020-01-07 17:42:41,657 ERROR 8240 [-/127.0.0.1/-/1ms POST /v1/order] nodejs.TypeError: Cannot read property 'length' of undefined
    at OperatingGoodsController.order (D:\desktop\Shoppingmall\server\app\controller\api\operatingGoods.js:178:42)
    at Object.callFn (D:\desktop\Shoppingmall\server\node_modules\_egg-core@4.17.4@egg-core\lib\utils\index.js:44:21)
    at Object.classControllerMiddleware (D:\desktop\Shoppingmall\server\node_modules\_egg-core@4.17.4@egg-core\lib\loader\mixin\controller.js:87:20)
    at Object.callFn (D:\desktop\Shoppingmall\server\node_modules\_@eggjs_router@2.0.0@@eggjs\router\lib\utils.js:12:21)
    at wrappedController (D:\desktop\Shoppingmall\server\node_modules\_@eggjs_router@2.0.0@@eggjs\router\lib\egg_router.js:322:18)
    at dispatch (D:\desktop\Shoppingmall\server\node_modules\_koa-compose@3.2.1@koa-compose\index.js:44:32)
    at next (D:\desktop\Shoppingmall\server\node_modules\_koa-compose@3.2.1@koa-compose\index.js:45:18)
    at D:\desktop\Shoppingmall\server\node_modules\_@eggjs_router@2.0.0@@eggjs\router\lib\router.js:190:18
    at dispatch (D:\desktop\Shoppingmall\server\node_modules\_koa-compose@3.2.1@koa-compose\index.js:44:32)
    at D:\desktop\Shoppingmall\server\node_modules\_koa-compose@3.2.1@koa-compose\index.js:36:12
    at dispatch (D:\desktop\Shoppingmall\server\node_modules\_@eggjs_router@2.0.0@@eggjs\router\lib\router.js:195:33)
    at dispatch (D:\desktop\Shoppingmall\server\node_modules\_koa-compose@4.1.0@koa-compose\index.js:42:32)
    at D:\desktop\Shoppingmall\server\app\middleware\isLogin.js:15:19
    at dispatch (D:\desktop\Shoppingmall\server\node_modules\_koa-compose@4.1.0@koa-compose\index.js:42:32)
    at D:\desktop\Shoppingmall\server\node_modules\_egg-development@2.4.3@egg-development\app\middleware\egg_loader_trace.js:9:56
    at dispatch (D:\desktop\Shoppingmall\server\node_modules\_koa-compose@4.1.0@koa-compose\index.js:42:32)

pid: 8240
hostname: stu006

2020-01-07 17:43:16,239 ERROR 8240 [-/127.0.0.1/-/1ms POST /v1/order] nodejs.TypeError: Cannot read property 'length' of undefined
    at OperatingGoodsController.order (D:\desktop\Shoppingmall\server\app\controller\api\operatingGoods.js:178:42)
    at Object.callFn (D:\desktop\Shoppingmall\server\node_modules\_egg-core@4.17.4@egg-core\lib\utils\index.js:44:21)
    at Object.classControllerMiddleware (D:\desktop\Shoppingmall\server\node_modules\_egg-core@4.17.4@egg-core\lib\loader\mixin\controller.js:87:20)
    at Object.callFn (D:\desktop\Shoppingmall\server\node_modules\_@eggjs_router@2.0.0@@eggjs\router\lib\utils.js:12:21)
    at wrappedController (D:\desktop\Shoppingmall\server\node_modules\_@eggjs_router@2.0.0@@eggjs\router\lib\egg_router.js:322:18)
    at dispatch (D:\desktop\Shoppingmall\server\node_modules\_koa-compose@3.2.1@koa-compose\index.js:44:32)
    at next (D:\desktop\Shoppingmall\server\node_modules\_koa-compose@3.2.1@koa-compose\index.js:45:18)
    at D:\desktop\Shoppingmall\server\node_modules\_@eggjs_router@2.0.0@@eggjs\router\lib\router.js:190:18
    at dispatch (D:\desktop\Shoppingmall\server\node_modules\_koa-compose@3.2.1@koa-compose\index.js:44:32)
    at D:\desktop\Shoppingmall\server\node_modules\_koa-compose@3.2.1@koa-compose\index.js:36:12
    at dispatch (D:\desktop\Shoppingmall\server\node_modules\_@eggjs_router@2.0.0@@eggjs\router\lib\router.js:195:33)
    at dispatch (D:\desktop\Shoppingmall\server\node_modules\_koa-compose@4.1.0@koa-compose\index.js:42:32)
    at D:\desktop\Shoppingmall\server\app\middleware\isLogin.js:15:19
    at dispatch (D:\desktop\Shoppingmall\server\node_modules\_koa-compose@4.1.0@koa-compose\index.js:42:32)
    at D:\desktop\Shoppingmall\server\node_modules\_egg-development@2.4.3@egg-development\app\middleware\egg_loader_trace.js:9:56
    at dispatch (D:\desktop\Shoppingmall\server\node_modules\_koa-compose@4.1.0@koa-compose\index.js:42:32)

pid: 8240
hostname: stu006

2020-01-07 17:44:16,033 ERROR 8240 [-/127.0.0.1/-/6ms POST /v1/order] nodejs.TypeError: Cannot read property 'length' of undefined
    at OperatingGoodsController.order (D:\desktop\Shoppingmall\server\app\controller\api\operatingGoods.js:178:42)
    at Object.callFn (D:\desktop\Shoppingmall\server\node_modules\_egg-core@4.17.4@egg-core\lib\utils\index.js:44:21)
    at Object.classControllerMiddleware (D:\desktop\Shoppingmall\server\node_modules\_egg-core@4.17.4@egg-core\lib\loader\mixin\controller.js:87:20)
    at Object.callFn (D:\desktop\Shoppingmall\server\node_modules\_@eggjs_router@2.0.0@@eggjs\router\lib\utils.js:12:21)
    at wrappedController (D:\desktop\Shoppingmall\server\node_modules\_@eggjs_router@2.0.0@@eggjs\router\lib\egg_router.js:322:18)
    at dispatch (D:\desktop\Shoppingmall\server\node_modules\_koa-compose@3.2.1@koa-compose\index.js:44:32)
    at next (D:\desktop\Shoppingmall\server\node_modules\_koa-compose@3.2.1@koa-compose\index.js:45:18)
    at D:\desktop\Shoppingmall\server\node_modules\_@eggjs_router@2.0.0@@eggjs\router\lib\router.js:190:18
    at dispatch (D:\desktop\Shoppingmall\server\node_modules\_koa-compose@3.2.1@koa-compose\index.js:44:32)
    at D:\desktop\Shoppingmall\server\node_modules\_koa-compose@3.2.1@koa-compose\index.js:36:12
    at dispatch (D:\desktop\Shoppingmall\server\node_modules\_@eggjs_router@2.0.0@@eggjs\router\lib\router.js:195:33)
    at dispatch (D:\desktop\Shoppingmall\server\node_modules\_koa-compose@4.1.0@koa-compose\index.js:42:32)
    at D:\desktop\Shoppingmall\server\app\middleware\isLogin.js:15:19
    at dispatch (D:\desktop\Shoppingmall\server\node_modules\_koa-compose@4.1.0@koa-compose\index.js:42:32)
    at D:\desktop\Shoppingmall\server\node_modules\_egg-development@2.4.3@egg-development\app\middleware\egg_loader_trace.js:9:56
    at dispatch (D:\desktop\Shoppingmall\server\node_modules\_koa-compose@4.1.0@koa-compose\index.js:42:32)

pid: 8240
hostname: stu006

2020-01-07 17:46:43,182 ERROR 8240 [-/127.0.0.1/-/1ms POST /v1/order] nodejs.TypeError: Cannot read property 'length' of undefined
    at OperatingGoodsController.order (D:\desktop\Shoppingmall\server\app\controller\api\operatingGoods.js:178:42)
    at Object.callFn (D:\desktop\Shoppingmall\server\node_modules\_egg-core@4.17.4@egg-core\lib\utils\index.js:44:21)
    at Object.classControllerMiddleware (D:\desktop\Shoppingmall\server\node_modules\_egg-core@4.17.4@egg-core\lib\loader\mixin\controller.js:87:20)
    at Object.callFn (D:\desktop\Shoppingmall\server\node_modules\_@eggjs_router@2.0.0@@eggjs\router\lib\utils.js:12:21)
    at wrappedController (D:\desktop\Shoppingmall\server\node_modules\_@eggjs_router@2.0.0@@eggjs\router\lib\egg_router.js:322:18)
    at dispatch (D:\desktop\Shoppingmall\server\node_modules\_koa-compose@3.2.1@koa-compose\index.js:44:32)
    at next (D:\desktop\Shoppingmall\server\node_modules\_koa-compose@3.2.1@koa-compose\index.js:45:18)
    at D:\desktop\Shoppingmall\server\node_modules\_@eggjs_router@2.0.0@@eggjs\router\lib\router.js:190:18
    at dispatch (D:\desktop\Shoppingmall\server\node_modules\_koa-compose@3.2.1@koa-compose\index.js:44:32)
    at D:\desktop\Shoppingmall\server\node_modules\_koa-compose@3.2.1@koa-compose\index.js:36:12
    at dispatch (D:\desktop\Shoppingmall\server\node_modules\_@eggjs_router@2.0.0@@eggjs\router\lib\router.js:195:33)
    at dispatch (D:\desktop\Shoppingmall\server\node_modules\_koa-compose@4.1.0@koa-compose\index.js:42:32)
    at D:\desktop\Shoppingmall\server\app\middleware\isLogin.js:15:19
    at dispatch (D:\desktop\Shoppingmall\server\node_modules\_koa-compose@4.1.0@koa-compose\index.js:42:32)
    at D:\desktop\Shoppingmall\server\node_modules\_egg-development@2.4.3@egg-development\app\middleware\egg_loader_trace.js:9:56
    at dispatch (D:\desktop\Shoppingmall\server\node_modules\_koa-compose@4.1.0@koa-compose\index.js:42:32)

pid: 8240
hostname: stu006

2020-01-07 17:50:12,334 ERROR 8240 [-/127.0.0.1/-/1ms POST /v1/order] nodejs.TypeError: Cannot read property 'length' of undefined
    at OperatingGoodsController.order (D:\desktop\Shoppingmall\server\app\controller\api\operatingGoods.js:178:42)
    at Object.callFn (D:\desktop\Shoppingmall\server\node_modules\_egg-core@4.17.4@egg-core\lib\utils\index.js:44:21)
    at Object.classControllerMiddleware (D:\desktop\Shoppingmall\server\node_modules\_egg-core@4.17.4@egg-core\lib\loader\mixin\controller.js:87:20)
    at Object.callFn (D:\desktop\Shoppingmall\server\node_modules\_@eggjs_router@2.0.0@@eggjs\router\lib\utils.js:12:21)
    at wrappedController (D:\desktop\Shoppingmall\server\node_modules\_@eggjs_router@2.0.0@@eggjs\router\lib\egg_router.js:322:18)
    at dispatch (D:\desktop\Shoppingmall\server\node_modules\_koa-compose@3.2.1@koa-compose\index.js:44:32)
    at next (D:\desktop\Shoppingmall\server\node_modules\_koa-compose@3.2.1@koa-compose\index.js:45:18)
    at D:\desktop\Shoppingmall\server\node_modules\_@eggjs_router@2.0.0@@eggjs\router\lib\router.js:190:18
    at dispatch (D:\desktop\Shoppingmall\server\node_modules\_koa-compose@3.2.1@koa-compose\index.js:44:32)
    at D:\desktop\Shoppingmall\server\node_modules\_koa-compose@3.2.1@koa-compose\index.js:36:12
    at dispatch (D:\desktop\Shoppingmall\server\node_modules\_@eggjs_router@2.0.0@@eggjs\router\lib\router.js:195:33)
    at dispatch (D:\desktop\Shoppingmall\server\node_modules\_koa-compose@4.1.0@koa-compose\index.js:42:32)
    at D:\desktop\Shoppingmall\server\app\middleware\isLogin.js:15:19
    at dispatch (D:\desktop\Shoppingmall\server\node_modules\_koa-compose@4.1.0@koa-compose\index.js:42:32)
    at D:\desktop\Shoppingmall\server\node_modules\_egg-development@2.4.3@egg-development\app\middleware\egg_loader_trace.js:9:56
    at dispatch (D:\desktop\Shoppingmall\server\node_modules\_koa-compose@4.1.0@koa-compose\index.js:42:32)

pid: 8240
hostname: stu006

2020-01-07 17:57:28,659 ERROR 8240 [-/127.0.0.1/-/1ms POST /v1/order] nodejs.TypeError: Cannot read property 'length' of undefined
    at OperatingGoodsController.order (D:\desktop\Shoppingmall\server\app\controller\api\operatingGoods.js:178:42)
    at Object.callFn (D:\desktop\Shoppingmall\server\node_modules\_egg-core@4.17.4@egg-core\lib\utils\index.js:44:21)
    at Object.classControllerMiddleware (D:\desktop\Shoppingmall\server\node_modules\_egg-core@4.17.4@egg-core\lib\loader\mixin\controller.js:87:20)
    at Object.callFn (D:\desktop\Shoppingmall\server\node_modules\_@eggjs_router@2.0.0@@eggjs\router\lib\utils.js:12:21)
    at wrappedController (D:\desktop\Shoppingmall\server\node_modules\_@eggjs_router@2.0.0@@eggjs\router\lib\egg_router.js:322:18)
    at dispatch (D:\desktop\Shoppingmall\server\node_modules\_koa-compose@3.2.1@koa-compose\index.js:44:32)
    at next (D:\desktop\Shoppingmall\server\node_modules\_koa-compose@3.2.1@koa-compose\index.js:45:18)
    at D:\desktop\Shoppingmall\server\node_modules\_@eggjs_router@2.0.0@@eggjs\router\lib\router.js:190:18
    at dispatch (D:\desktop\Shoppingmall\server\node_modules\_koa-compose@3.2.1@koa-compose\index.js:44:32)
    at D:\desktop\Shoppingmall\server\node_modules\_koa-compose@3.2.1@koa-compose\index.js:36:12
    at dispatch (D:\desktop\Shoppingmall\server\node_modules\_@eggjs_router@2.0.0@@eggjs\router\lib\router.js:195:33)
    at dispatch (D:\desktop\Shoppingmall\server\node_modules\_koa-compose@4.1.0@koa-compose\index.js:42:32)
    at D:\desktop\Shoppingmall\server\app\middleware\isLogin.js:15:19
    at dispatch (D:\desktop\Shoppingmall\server\node_modules\_koa-compose@4.1.0@koa-compose\index.js:42:32)
    at D:\desktop\Shoppingmall\server\node_modules\_egg-development@2.4.3@egg-development\app\middleware\egg_loader_trace.js:9:56
    at dispatch (D:\desktop\Shoppingmall\server\node_modules\_koa-compose@4.1.0@koa-compose\index.js:42:32)

pid: 8240
hostname: stu006

